2022-06-20 20:50:58,753 INFO 3668 [egg:logger] init all loggers with options: {"dir":"C:\\CL\\temp\\web\\logs\\webapi","encoding":"utf8","env":"local","level":"INFO","consoleLevel":"INFO","disableConsoleAfterReady":false,"outputJSON":false,"buffer":true,"appLogName":"webapi-web.log","coreLogName":"egg-web.log","agentLogName":"egg-agent.log","errorLogName":"common-error.log","coreLogger":{"consoleLevel":"WARN"},"allowDebugAtProd":false,"enablePerformanceTimer":false,"type":"application"}
2022-06-20 20:50:58,793 INFO 3668 [egg-multipart] stream mode enable
2022-06-20 20:50:58,972 INFO 3668 [egg-static] starting static serve /public/ -> C:\CL\temp\web\public
2022-06-20 20:50:58,975 INFO 3668 [egg-security] use methodnoallow middleware
2022-06-20 20:50:58,976 INFO 3668 [egg-security] use noopen middleware
2022-06-20 20:50:58,977 INFO 3668 [egg-security] use nosniff middleware
2022-06-20 20:50:58,978 INFO 3668 [egg-security] use xssProtection middleware
2022-06-20 20:50:58,979 INFO 3668 [egg-security] use xframe middleware
2022-06-20 20:50:58,980 INFO 3668 [egg-security] use dta middleware
2022-06-20 20:50:58,980 INFO 3668 [egg-security] compose 6 middlewares into one security middleware
2022-06-20 20:50:58,999 INFO 3668 [egg:core] dump config after load, 10ms
2022-06-20 20:50:59,018 INFO 3668 [egg-watcher:application] watcher start success
2022-06-20 20:50:59,029 INFO 3668 [egg:core] dump config after ready, 9ms
2022-06-20 20:53:56,558 INFO 9892 [egg:logger] init all loggers with options: {"dir":"C:\\CL\\temp\\web\\logs\\webapi","encoding":"utf8","env":"local","level":"INFO","consoleLevel":"INFO","disableConsoleAfterReady":false,"outputJSON":false,"buffer":true,"appLogName":"webapi-web.log","coreLogName":"egg-web.log","agentLogName":"egg-agent.log","errorLogName":"common-error.log","coreLogger":{"consoleLevel":"WARN"},"allowDebugAtProd":false,"enablePerformanceTimer":false,"type":"application"}
2022-06-20 20:53:56,599 INFO 9892 [egg-multipart] stream mode enable
2022-06-20 20:53:56,784 INFO 9892 [egg-static] starting static serve /public/ -> C:\CL\temp\web\public
2022-06-20 20:53:56,787 INFO 9892 [egg-security] use methodnoallow middleware
2022-06-20 20:53:56,788 INFO 9892 [egg-security] use noopen middleware
2022-06-20 20:53:56,790 INFO 9892 [egg-security] use nosniff middleware
2022-06-20 20:53:56,791 INFO 9892 [egg-security] use xssProtection middleware
2022-06-20 20:53:56,791 INFO 9892 [egg-security] use xframe middleware
2022-06-20 20:53:56,792 INFO 9892 [egg-security] use dta middleware
2022-06-20 20:53:56,792 INFO 9892 [egg-security] compose 6 middlewares into one security middleware
2022-06-20 20:53:56,813 INFO 9892 [egg:core] dump config after load, 12ms
2022-06-20 20:53:56,827 INFO 9892 [egg-watcher:application] watcher start success
2022-06-20 20:53:56,840 INFO 9892 [egg:core] dump config after ready, 11ms
2022-06-20 20:55:08,919 INFO 1792 [egg:logger] init all loggers with options: {"dir":"C:\\CL\\temp\\web\\logs\\webapi","encoding":"utf8","env":"local","level":"INFO","consoleLevel":"INFO","disableConsoleAfterReady":false,"outputJSON":false,"buffer":true,"appLogName":"webapi-web.log","coreLogName":"egg-web.log","agentLogName":"egg-agent.log","errorLogName":"common-error.log","coreLogger":{"consoleLevel":"WARN"},"allowDebugAtProd":false,"enablePerformanceTimer":false,"type":"application"}
2022-06-20 20:55:08,977 INFO 1792 [egg-multipart] stream mode enable
2022-06-20 20:55:09,153 INFO 1792 [egg-static] starting static serve /public/ -> C:\CL\temp\web\public
2022-06-20 20:55:09,157 INFO 1792 [egg-security] use methodnoallow middleware
2022-06-20 20:55:09,158 INFO 1792 [egg-security] use noopen middleware
2022-06-20 20:55:09,162 INFO 1792 [egg-security] use nosniff middleware
2022-06-20 20:55:09,164 INFO 1792 [egg-security] use xssProtection middleware
2022-06-20 20:55:09,165 INFO 1792 [egg-security] use xframe middleware
2022-06-20 20:55:09,167 INFO 1792 [egg-security] use dta middleware
2022-06-20 20:55:09,167 INFO 1792 [egg-security] compose 6 middlewares into one security middleware
2022-06-20 20:55:09,186 INFO 1792 [egg:core] dump config after load, 9ms
2022-06-20 20:55:09,200 INFO 1792 [egg-watcher:application] watcher start success
2022-06-20 20:55:09,211 INFO 1792 [egg:core] dump config after ready, 9ms
2022-06-20 20:57:30,942 INFO 6680 [egg:logger] init all loggers with options: {"dir":"C:\\CL\\temp\\web\\logs\\webapi","encoding":"utf8","env":"local","level":"INFO","consoleLevel":"INFO","disableConsoleAfterReady":false,"outputJSON":false,"buffer":true,"appLogName":"webapi-web.log","coreLogName":"egg-web.log","agentLogName":"egg-agent.log","errorLogName":"common-error.log","coreLogger":{"consoleLevel":"WARN"},"allowDebugAtProd":false,"enablePerformanceTimer":false,"type":"application"}
2022-06-20 20:57:30,984 INFO 6680 [egg-multipart] stream mode enable
2022-06-20 20:57:31,180 INFO 6680 [egg-static] starting static serve /public/ -> C:\CL\temp\web\public
2022-06-20 20:57:31,183 INFO 6680 [egg-security] use methodnoallow middleware
2022-06-20 20:57:31,184 INFO 6680 [egg-security] use noopen middleware
2022-06-20 20:57:31,185 INFO 6680 [egg-security] use nosniff middleware
2022-06-20 20:57:31,186 INFO 6680 [egg-security] use xssProtection middleware
2022-06-20 20:57:31,188 INFO 6680 [egg-security] use xframe middleware
2022-06-20 20:57:31,190 INFO 6680 [egg-security] use dta middleware
2022-06-20 20:57:31,190 INFO 6680 [egg-security] compose 6 middlewares into one security middleware
2022-06-20 20:57:31,215 INFO 6680 [egg:core] dump config after load, 8ms
2022-06-20 20:57:31,232 INFO 6680 [egg-watcher:application] watcher start success
2022-06-20 20:57:31,242 INFO 6680 [egg:core] dump config after ready, 8ms
2022-06-20 20:58:36,292 INFO 7348 [egg:logger] init all loggers with options: {"dir":"C:\\CL\\temp\\web\\logs\\webapi","encoding":"utf8","env":"local","level":"INFO","consoleLevel":"INFO","disableConsoleAfterReady":false,"outputJSON":false,"buffer":true,"appLogName":"webapi-web.log","coreLogName":"egg-web.log","agentLogName":"egg-agent.log","errorLogName":"common-error.log","coreLogger":{"consoleLevel":"WARN"},"allowDebugAtProd":false,"enablePerformanceTimer":false,"type":"application"}
2022-06-20 20:58:36,335 INFO 7348 [egg-multipart] stream mode enable
2022-06-20 20:58:36,529 INFO 7348 [egg-static] starting static serve /public/ -> C:\CL\temp\web\public
2022-06-20 20:58:36,532 INFO 7348 [egg-security] use methodnoallow middleware
2022-06-20 20:58:36,533 INFO 7348 [egg-security] use noopen middleware
2022-06-20 20:58:36,535 INFO 7348 [egg-security] use nosniff middleware
2022-06-20 20:58:36,535 INFO 7348 [egg-security] use xssProtection middleware
2022-06-20 20:58:36,537 INFO 7348 [egg-security] use xframe middleware
2022-06-20 20:58:36,538 INFO 7348 [egg-security] use dta middleware
2022-06-20 20:58:36,538 INFO 7348 [egg-security] compose 6 middlewares into one security middleware
2022-06-20 20:58:36,556 INFO 7348 [egg:core] dump config after load, 8ms
2022-06-20 20:58:36,575 INFO 7348 [egg-watcher:application] watcher start success
2022-06-20 20:58:36,586 INFO 7348 [egg:core] dump config after ready, 9ms
2022-06-20 20:59:00,992 INFO 12020 [egg:logger] init all loggers with options: {"dir":"C:\\CL\\temp\\web\\logs\\webapi","encoding":"utf8","env":"local","level":"INFO","consoleLevel":"INFO","disableConsoleAfterReady":false,"outputJSON":false,"buffer":true,"appLogName":"webapi-web.log","coreLogName":"egg-web.log","agentLogName":"egg-agent.log","errorLogName":"common-error.log","coreLogger":{"consoleLevel":"WARN"},"allowDebugAtProd":false,"enablePerformanceTimer":false,"type":"application"}
2022-06-20 20:59:01,035 INFO 12020 [egg-multipart] stream mode enable
2022-06-20 20:59:01,225 INFO 12020 [egg-static] starting static serve /public/ -> C:\CL\temp\web\public
2022-06-20 20:59:01,229 INFO 12020 [egg-security] use methodnoallow middleware
2022-06-20 20:59:01,230 INFO 12020 [egg-security] use noopen middleware
2022-06-20 20:59:01,232 INFO 12020 [egg-security] use nosniff middleware
2022-06-20 20:59:01,232 INFO 12020 [egg-security] use xssProtection middleware
2022-06-20 20:59:01,233 INFO 12020 [egg-security] use xframe middleware
2022-06-20 20:59:01,234 INFO 12020 [egg-security] use dta middleware
2022-06-20 20:59:01,234 INFO 12020 [egg-security] compose 6 middlewares into one security middleware
2022-06-20 20:59:01,253 INFO 12020 [egg:core] dump config after load, 9ms
2022-06-20 20:59:01,272 INFO 12020 [egg-watcher:application] watcher start success
2022-06-20 20:59:01,288 INFO 12020 [egg:core] dump config after ready, 12ms
2022-06-20 21:07:13,947 INFO 1956 [egg:logger] init all loggers with options: {"dir":"C:\\CL\\temp\\web\\logs\\webapi","encoding":"utf8","env":"local","level":"INFO","consoleLevel":"INFO","disableConsoleAfterReady":false,"outputJSON":false,"buffer":true,"appLogName":"webapi-web.log","coreLogName":"egg-web.log","agentLogName":"egg-agent.log","errorLogName":"common-error.log","coreLogger":{"consoleLevel":"WARN"},"allowDebugAtProd":false,"enablePerformanceTimer":false,"type":"application"}
2022-06-20 21:07:13,994 INFO 1956 [egg-multipart] stream mode enable
2022-06-20 21:07:14,196 INFO 1956 [egg-static] starting static serve /public/ -> C:\CL\temp\web\public
2022-06-20 21:07:14,200 INFO 1956 [egg-security] use methodnoallow middleware
2022-06-20 21:07:14,201 INFO 1956 [egg-security] use noopen middleware
2022-06-20 21:07:14,207 INFO 1956 [egg-security] use nosniff middleware
2022-06-20 21:07:14,208 INFO 1956 [egg-security] use xssProtection middleware
2022-06-20 21:07:14,208 INFO 1956 [egg-security] use xframe middleware
2022-06-20 21:07:14,209 INFO 1956 [egg-security] use dta middleware
2022-06-20 21:07:14,209 INFO 1956 [egg-security] compose 6 middlewares into one security middleware
2022-06-20 21:07:14,226 INFO 1956 [egg:core] dump config after load, 8ms
2022-06-20 21:07:14,244 INFO 1956 [egg-watcher:application] watcher start success
2022-06-20 21:07:14,260 INFO 1956 [egg:core] dump config after ready, 14ms
2022-06-20 21:15:21,684 INFO 11400 [egg:logger] init all loggers with options: {"dir":"C:\\CL\\temp\\web\\logs\\webapi","encoding":"utf8","env":"local","level":"INFO","consoleLevel":"INFO","disableConsoleAfterReady":false,"outputJSON":false,"buffer":true,"appLogName":"webapi-web.log","coreLogName":"egg-web.log","agentLogName":"egg-agent.log","errorLogName":"common-error.log","coreLogger":{"consoleLevel":"WARN"},"allowDebugAtProd":false,"enablePerformanceTimer":false,"type":"application"}
2022-06-20 21:15:21,727 INFO 11400 [egg-multipart] stream mode enable
2022-06-20 21:15:21,918 INFO 11400 [egg-static] starting static serve /public/ -> C:\CL\temp\web\public
2022-06-20 21:15:21,921 INFO 11400 [egg-security] use methodnoallow middleware
2022-06-20 21:15:21,922 INFO 11400 [egg-security] use noopen middleware
2022-06-20 21:15:21,923 INFO 11400 [egg-security] use nosniff middleware
2022-06-20 21:15:21,924 INFO 11400 [egg-security] use xssProtection middleware
2022-06-20 21:15:21,925 INFO 11400 [egg-security] use xframe middleware
2022-06-20 21:15:21,926 INFO 11400 [egg-security] use dta middleware
2022-06-20 21:15:21,926 INFO 11400 [egg-security] compose 6 middlewares into one security middleware
2022-06-20 21:15:21,944 INFO 11400 [egg:core] dump config after load, 8ms
2022-06-20 21:15:21,959 INFO 11400 [egg-watcher:application] watcher start success
2022-06-20 21:15:21,971 INFO 11400 [egg:core] dump config after ready, 9ms
2022-06-20 21:17:18,802 INFO 6556 [egg:logger] init all loggers with options: {"dir":"C:\\CL\\temp\\web\\logs\\webapi","encoding":"utf8","env":"local","level":"INFO","consoleLevel":"INFO","disableConsoleAfterReady":false,"outputJSON":false,"buffer":true,"appLogName":"webapi-web.log","coreLogName":"egg-web.log","agentLogName":"egg-agent.log","errorLogName":"common-error.log","coreLogger":{"consoleLevel":"WARN"},"allowDebugAtProd":false,"enablePerformanceTimer":false,"type":"application"}
2022-06-20 21:17:18,846 INFO 6556 [egg-multipart] stream mode enable
2022-06-20 21:17:19,034 INFO 6556 [egg-static] starting static serve /public/ -> C:\CL\temp\web\public
2022-06-20 21:17:19,037 INFO 6556 [egg-security] use methodnoallow middleware
2022-06-20 21:17:19,038 INFO 6556 [egg-security] use noopen middleware
2022-06-20 21:17:19,040 INFO 6556 [egg-security] use nosniff middleware
2022-06-20 21:17:19,041 INFO 6556 [egg-security] use xssProtection middleware
2022-06-20 21:17:19,042 INFO 6556 [egg-security] use xframe middleware
2022-06-20 21:17:19,043 INFO 6556 [egg-security] use dta middleware
2022-06-20 21:17:19,043 INFO 6556 [egg-security] compose 6 middlewares into one security middleware
2022-06-20 21:17:19,060 INFO 6556 [egg:core] dump config after load, 8ms
2022-06-20 21:17:19,076 INFO 6556 [egg-watcher:application] watcher start success
2022-06-20 21:17:19,094 INFO 6556 [egg:core] dump config after ready, 13ms
2022-06-20 21:17:22,595 INFO 3844 [egg:logger] init all loggers with options: {"dir":"C:\\CL\\temp\\web\\logs\\webapi","encoding":"utf8","env":"local","level":"INFO","consoleLevel":"INFO","disableConsoleAfterReady":false,"outputJSON":false,"buffer":true,"appLogName":"webapi-web.log","coreLogName":"egg-web.log","agentLogName":"egg-agent.log","errorLogName":"common-error.log","coreLogger":{"consoleLevel":"WARN"},"allowDebugAtProd":false,"enablePerformanceTimer":false,"type":"application"}
2022-06-20 21:17:22,639 INFO 3844 [egg-multipart] stream mode enable
2022-06-20 21:17:22,831 INFO 3844 [egg-static] starting static serve /public/ -> C:\CL\temp\web\public
2022-06-20 21:17:22,834 INFO 3844 [egg-security] use methodnoallow middleware
2022-06-20 21:17:22,835 INFO 3844 [egg-security] use noopen middleware
2022-06-20 21:17:22,836 INFO 3844 [egg-security] use nosniff middleware
2022-06-20 21:17:22,837 INFO 3844 [egg-security] use xssProtection middleware
2022-06-20 21:17:22,838 INFO 3844 [egg-security] use xframe middleware
2022-06-20 21:17:22,839 INFO 3844 [egg-security] use dta middleware
2022-06-20 21:17:22,839 INFO 3844 [egg-security] compose 6 middlewares into one security middleware
2022-06-20 21:17:22,855 INFO 3844 [egg:core] dump config after load, 7ms
2022-06-20 21:17:22,870 INFO 3844 [egg-watcher:application] watcher start success
2022-06-20 21:17:22,881 INFO 3844 [egg:core] dump config after ready, 9ms
2022-06-20 21:20:16,872 INFO 2768 [egg:logger] init all loggers with options: {"dir":"C:\\CL\\temp\\web\\logs\\webapi","encoding":"utf8","env":"local","level":"INFO","consoleLevel":"INFO","disableConsoleAfterReady":false,"outputJSON":false,"buffer":true,"appLogName":"webapi-web.log","coreLogName":"egg-web.log","agentLogName":"egg-agent.log","errorLogName":"common-error.log","coreLogger":{"consoleLevel":"WARN"},"allowDebugAtProd":false,"enablePerformanceTimer":false,"type":"application"}
2022-06-20 21:20:16,915 INFO 2768 [egg-multipart] stream mode enable
2022-06-20 21:20:17,103 INFO 2768 [egg-static] starting static serve /public/ -> C:\CL\temp\web\public
2022-06-20 21:20:17,106 INFO 2768 [egg-security] use methodnoallow middleware
2022-06-20 21:20:17,107 INFO 2768 [egg-security] use noopen middleware
2022-06-20 21:20:17,108 INFO 2768 [egg-security] use nosniff middleware
2022-06-20 21:20:17,109 INFO 2768 [egg-security] use xssProtection middleware
2022-06-20 21:20:17,110 INFO 2768 [egg-security] use xframe middleware
2022-06-20 21:20:17,111 INFO 2768 [egg-security] use dta middleware
2022-06-20 21:20:17,111 INFO 2768 [egg-security] compose 6 middlewares into one security middleware
2022-06-20 21:20:17,130 INFO 2768 [egg:core] dump config after load, 7ms
2022-06-20 21:20:17,144 INFO 2768 [egg-watcher:application] watcher start success
2022-06-20 21:20:17,156 INFO 2768 [egg:core] dump config after ready, 10ms
2022-06-20 21:20:18,975 INFO 12860 [egg:logger] init all loggers with options: {"dir":"C:\\CL\\temp\\web\\logs\\webapi","encoding":"utf8","env":"local","level":"INFO","consoleLevel":"INFO","disableConsoleAfterReady":false,"outputJSON":false,"buffer":true,"appLogName":"webapi-web.log","coreLogName":"egg-web.log","agentLogName":"egg-agent.log","errorLogName":"common-error.log","coreLogger":{"consoleLevel":"WARN"},"allowDebugAtProd":false,"enablePerformanceTimer":false,"type":"application"}
2022-06-20 21:20:19,016 INFO 12860 [egg-multipart] stream mode enable
2022-06-20 21:20:19,199 INFO 12860 [egg-static] starting static serve /public/ -> C:\CL\temp\web\public
2022-06-20 21:20:19,202 INFO 12860 [egg-security] use methodnoallow middleware
2022-06-20 21:20:19,203 INFO 12860 [egg-security] use noopen middleware
2022-06-20 21:20:19,204 INFO 12860 [egg-security] use nosniff middleware
2022-06-20 21:20:19,205 INFO 12860 [egg-security] use xssProtection middleware
2022-06-20 21:20:19,206 INFO 12860 [egg-security] use xframe middleware
2022-06-20 21:20:19,207 INFO 12860 [egg-security] use dta middleware
2022-06-20 21:20:19,207 INFO 12860 [egg-security] compose 6 middlewares into one security middleware
2022-06-20 21:20:19,228 INFO 12860 [egg:core] dump config after load, 12ms
2022-06-20 21:20:19,249 INFO 12860 [egg-watcher:application] watcher start success
2022-06-20 21:20:19,267 INFO 12860 [egg:core] dump config after ready, 16ms
2022-06-20 21:23:58,760 INFO 7244 [egg:logger] init all loggers with options: {"dir":"C:\\CL\\temp\\web\\logs\\webapi","encoding":"utf8","env":"local","level":"INFO","consoleLevel":"INFO","disableConsoleAfterReady":false,"outputJSON":false,"buffer":true,"appLogName":"webapi-web.log","coreLogName":"egg-web.log","agentLogName":"egg-agent.log","errorLogName":"common-error.log","coreLogger":{"consoleLevel":"WARN"},"allowDebugAtProd":false,"enablePerformanceTimer":false,"type":"application"}
2022-06-20 21:23:58,808 INFO 7244 [egg-multipart] stream mode enable
2022-06-20 21:23:59,027 INFO 7244 [egg-static] starting static serve /public/ -> C:\CL\temp\web\public
2022-06-20 21:23:59,031 INFO 7244 [egg-security] use methodnoallow middleware
2022-06-20 21:23:59,032 INFO 7244 [egg-security] use noopen middleware
2022-06-20 21:23:59,035 INFO 7244 [egg-security] use nosniff middleware
2022-06-20 21:23:59,037 INFO 7244 [egg-security] use xssProtection middleware
2022-06-20 21:23:59,039 INFO 7244 [egg-security] use xframe middleware
2022-06-20 21:23:59,041 INFO 7244 [egg-security] use dta middleware
2022-06-20 21:23:59,041 INFO 7244 [egg-security] compose 6 middlewares into one security middleware
2022-06-20 21:23:59,059 INFO 7244 [egg:core] dump config after load, 8ms
2022-06-20 21:23:59,074 INFO 7244 [egg-watcher:application] watcher start success
2022-06-20 21:23:59,092 INFO 7244 [egg:core] dump config after ready, 15ms
2022-06-20 21:24:19,474 INFO 5684 [egg:logger] init all loggers with options: {"dir":"C:\\CL\\temp\\web\\logs\\webapi","encoding":"utf8","env":"local","level":"INFO","consoleLevel":"INFO","disableConsoleAfterReady":false,"outputJSON":false,"buffer":true,"appLogName":"webapi-web.log","coreLogName":"egg-web.log","agentLogName":"egg-agent.log","errorLogName":"common-error.log","coreLogger":{"consoleLevel":"WARN"},"allowDebugAtProd":false,"enablePerformanceTimer":false,"type":"application"}
2022-06-20 21:24:19,516 INFO 5684 [egg-multipart] stream mode enable
2022-06-20 21:24:19,713 INFO 5684 [egg-static] starting static serve /public/ -> C:\CL\temp\web\public
2022-06-20 21:24:19,717 INFO 5684 [egg-security] use methodnoallow middleware
2022-06-20 21:24:19,718 INFO 5684 [egg-security] use noopen middleware
2022-06-20 21:24:19,719 INFO 5684 [egg-security] use nosniff middleware
2022-06-20 21:24:19,720 INFO 5684 [egg-security] use xssProtection middleware
2022-06-20 21:24:19,721 INFO 5684 [egg-security] use xframe middleware
2022-06-20 21:24:19,722 INFO 5684 [egg-security] use dta middleware
2022-06-20 21:24:19,722 INFO 5684 [egg-security] compose 6 middlewares into one security middleware
2022-06-20 21:24:19,740 INFO 5684 [egg:core] dump config after load, 7ms
2022-06-20 21:24:19,760 INFO 5684 [egg-watcher:application] watcher start success
2022-06-20 21:24:19,773 INFO 5684 [egg:core] dump config after ready, 8ms
2022-06-20 21:24:56,774 INFO 5000 [egg:logger] init all loggers with options: {"dir":"C:\\CL\\temp\\web\\logs\\webapi","encoding":"utf8","env":"local","level":"INFO","consoleLevel":"INFO","disableConsoleAfterReady":false,"outputJSON":false,"buffer":true,"appLogName":"webapi-web.log","coreLogName":"egg-web.log","agentLogName":"egg-agent.log","errorLogName":"common-error.log","coreLogger":{"consoleLevel":"WARN"},"allowDebugAtProd":false,"enablePerformanceTimer":false,"type":"application"}
2022-06-20 21:24:56,821 INFO 5000 [egg-multipart] stream mode enable
2022-06-20 21:24:56,996 INFO 5000 [egg-static] starting static serve /public/ -> C:\CL\temp\web\public
2022-06-20 21:24:56,999 INFO 5000 [egg-security] use methodnoallow middleware
2022-06-20 21:24:57,000 INFO 5000 [egg-security] use noopen middleware
2022-06-20 21:24:57,002 INFO 5000 [egg-security] use nosniff middleware
2022-06-20 21:24:57,002 INFO 5000 [egg-security] use xssProtection middleware
2022-06-20 21:24:57,003 INFO 5000 [egg-security] use xframe middleware
2022-06-20 21:24:57,004 INFO 5000 [egg-security] use dta middleware
2022-06-20 21:24:57,004 INFO 5000 [egg-security] compose 6 middlewares into one security middleware
2022-06-20 21:24:57,022 INFO 5000 [egg:core] dump config after load, 8ms
2022-06-20 21:24:57,042 INFO 5000 [egg-watcher:application] watcher start success
2022-06-20 21:24:57,056 INFO 5000 [egg:core] dump config after ready, 11ms
2022-06-20 21:25:18,379 INFO 1720 [egg:logger] init all loggers with options: {"dir":"C:\\CL\\temp\\web\\logs\\webapi","encoding":"utf8","env":"local","level":"INFO","consoleLevel":"INFO","disableConsoleAfterReady":false,"outputJSON":false,"buffer":true,"appLogName":"webapi-web.log","coreLogName":"egg-web.log","agentLogName":"egg-agent.log","errorLogName":"common-error.log","coreLogger":{"consoleLevel":"WARN"},"allowDebugAtProd":false,"enablePerformanceTimer":false,"type":"application"}
2022-06-20 21:25:18,423 INFO 1720 [egg-multipart] stream mode enable
2022-06-20 21:25:18,620 INFO 1720 [egg-static] starting static serve /public/ -> C:\CL\temp\web\public
2022-06-20 21:25:18,623 INFO 1720 [egg-security] use methodnoallow middleware
2022-06-20 21:25:18,624 INFO 1720 [egg-security] use noopen middleware
2022-06-20 21:25:18,625 INFO 1720 [egg-security] use nosniff middleware
2022-06-20 21:25:18,626 INFO 1720 [egg-security] use xssProtection middleware
2022-06-20 21:25:18,627 INFO 1720 [egg-security] use xframe middleware
2022-06-20 21:25:18,628 INFO 1720 [egg-security] use dta middleware
2022-06-20 21:25:18,628 INFO 1720 [egg-security] compose 6 middlewares into one security middleware
2022-06-20 21:25:18,645 INFO 1720 [egg:core] dump config after load, 7ms
2022-06-20 21:25:18,664 INFO 1720 [egg-watcher:application] watcher start success
2022-06-20 21:25:18,676 INFO 1720 [egg:core] dump config after ready, 9ms
2022-06-20 21:27:52,609 INFO 1928 [egg:logger] init all loggers with options: {"dir":"C:\\CL\\temp\\web\\logs\\webapi","encoding":"utf8","env":"local","level":"INFO","consoleLevel":"INFO","disableConsoleAfterReady":false,"outputJSON":false,"buffer":true,"appLogName":"webapi-web.log","coreLogName":"egg-web.log","agentLogName":"egg-agent.log","errorLogName":"common-error.log","coreLogger":{"consoleLevel":"WARN"},"allowDebugAtProd":false,"enablePerformanceTimer":false,"type":"application"}
2022-06-20 21:27:52,652 INFO 1928 [egg-multipart] stream mode enable
2022-06-20 21:27:52,853 INFO 1928 [egg-static] starting static serve /public/ -> C:\CL\temp\web\public
2022-06-20 21:27:52,856 INFO 1928 [egg-security] use methodnoallow middleware
2022-06-20 21:27:52,857 INFO 1928 [egg-security] use noopen middleware
2022-06-20 21:27:52,859 INFO 1928 [egg-security] use nosniff middleware
2022-06-20 21:27:52,860 INFO 1928 [egg-security] use xssProtection middleware
2022-06-20 21:27:52,861 INFO 1928 [egg-security] use xframe middleware
2022-06-20 21:27:52,862 INFO 1928 [egg-security] use dta middleware
2022-06-20 21:27:52,862 INFO 1928 [egg-security] compose 6 middlewares into one security middleware
2022-06-20 21:27:52,880 INFO 1928 [egg:core] dump config after load, 7ms
2022-06-20 21:27:52,894 INFO 1928 [egg-watcher:application] watcher start success
2022-06-20 21:27:52,904 INFO 1928 [egg:core] dump config after ready, 8ms
2022-06-20 21:28:12,913 INFO 3312 [egg:logger] init all loggers with options: {"dir":"C:\\CL\\temp\\web\\logs\\webapi","encoding":"utf8","env":"local","level":"INFO","consoleLevel":"INFO","disableConsoleAfterReady":false,"outputJSON":false,"buffer":true,"appLogName":"webapi-web.log","coreLogName":"egg-web.log","agentLogName":"egg-agent.log","errorLogName":"common-error.log","coreLogger":{"consoleLevel":"WARN"},"allowDebugAtProd":false,"enablePerformanceTimer":false,"type":"application"}
2022-06-20 21:28:12,956 INFO 3312 [egg-multipart] stream mode enable
2022-06-20 21:28:13,162 INFO 3312 [egg-static] starting static serve /public/ -> C:\CL\temp\web\public
2022-06-20 21:28:13,165 INFO 3312 [egg-security] use methodnoallow middleware
2022-06-20 21:28:13,166 INFO 3312 [egg-security] use noopen middleware
2022-06-20 21:28:13,170 INFO 3312 [egg-security] use nosniff middleware
2022-06-20 21:28:13,171 INFO 3312 [egg-security] use xssProtection middleware
2022-06-20 21:28:13,172 INFO 3312 [egg-security] use xframe middleware
2022-06-20 21:28:13,173 INFO 3312 [egg-security] use dta middleware
2022-06-20 21:28:13,173 INFO 3312 [egg-security] compose 6 middlewares into one security middleware
2022-06-20 21:28:13,192 INFO 3312 [egg:core] dump config after load, 9ms
2022-06-20 21:28:13,205 INFO 3312 [egg-watcher:application] watcher start success
2022-06-20 21:28:13,217 INFO 3312 [egg:core] dump config after ready, 9ms
2022-06-20 21:31:23,032 INFO 12884 [egg:logger] init all loggers with options: {"dir":"C:\\CL\\temp\\web\\logs\\webapi","encoding":"utf8","env":"local","level":"INFO","consoleLevel":"INFO","disableConsoleAfterReady":false,"outputJSON":false,"buffer":true,"appLogName":"webapi-web.log","coreLogName":"egg-web.log","agentLogName":"egg-agent.log","errorLogName":"common-error.log","coreLogger":{"consoleLevel":"WARN"},"allowDebugAtProd":false,"enablePerformanceTimer":false,"type":"application"}
2022-06-20 21:31:23,076 INFO 12884 [egg-multipart] stream mode enable
2022-06-20 21:31:23,255 INFO 12884 [egg-static] starting static serve /public/ -> C:\CL\temp\web\public
2022-06-20 21:31:23,258 INFO 12884 [egg-security] use methodnoallow middleware
2022-06-20 21:31:23,259 INFO 12884 [egg-security] use noopen middleware
2022-06-20 21:31:23,260 INFO 12884 [egg-security] use nosniff middleware
2022-06-20 21:31:23,261 INFO 12884 [egg-security] use xssProtection middleware
2022-06-20 21:31:23,262 INFO 12884 [egg-security] use xframe middleware
2022-06-20 21:31:23,263 INFO 12884 [egg-security] use dta middleware
2022-06-20 21:31:23,263 INFO 12884 [egg-security] compose 6 middlewares into one security middleware
2022-06-20 21:31:23,281 INFO 12884 [egg:core] dump config after load, 7ms
2022-06-20 21:31:23,295 INFO 12884 [egg-watcher:application] watcher start success
2022-06-20 21:31:23,312 INFO 12884 [egg:core] dump config after ready, 15ms
2022-06-21 10:25:15,802 INFO 14992 [egg:logger] init all loggers with options: {"dir":"C:\\CL\\temp\\web\\logs\\webapi","encoding":"utf8","env":"local","level":"INFO","consoleLevel":"INFO","disableConsoleAfterReady":false,"outputJSON":false,"buffer":true,"appLogName":"webapi-web.log","coreLogName":"egg-web.log","agentLogName":"egg-agent.log","errorLogName":"common-error.log","coreLogger":{"consoleLevel":"WARN"},"allowDebugAtProd":false,"enablePerformanceTimer":false,"type":"application"}
2022-06-21 10:25:15,844 INFO 14992 [egg-multipart] stream mode enable
2022-06-21 10:25:16,105 INFO 14992 [egg-static] starting static serve /public/ -> C:\CL\temp\web\public
2022-06-21 10:25:16,108 INFO 14992 [egg-security] use methodnoallow middleware
2022-06-21 10:25:16,110 INFO 14992 [egg-security] use noopen middleware
2022-06-21 10:25:16,113 INFO 14992 [egg-security] use nosniff middleware
2022-06-21 10:25:16,114 INFO 14992 [egg-security] use xssProtection middleware
2022-06-21 10:25:16,115 INFO 14992 [egg-security] use xframe middleware
2022-06-21 10:25:16,116 INFO 14992 [egg-security] use dta middleware
2022-06-21 10:25:16,116 INFO 14992 [egg-security] compose 6 middlewares into one security middleware
2022-06-21 10:25:16,143 INFO 14992 [egg:core] dump config after load, 11ms
2022-06-21 10:25:16,165 INFO 14992 [egg-watcher:application] watcher start success
2022-06-21 10:25:16,180 INFO 14992 [egg:core] dump config after ready, 13ms
2022-06-21 10:26:22,386 INFO 9832 [egg:logger] init all loggers with options: {"dir":"C:\\CL\\temp\\web\\logs\\webapi","encoding":"utf8","env":"local","level":"INFO","consoleLevel":"INFO","disableConsoleAfterReady":false,"outputJSON":false,"buffer":true,"appLogName":"webapi-web.log","coreLogName":"egg-web.log","agentLogName":"egg-agent.log","errorLogName":"common-error.log","coreLogger":{"consoleLevel":"WARN"},"allowDebugAtProd":false,"enablePerformanceTimer":false,"type":"application"}
2022-06-21 10:26:22,430 INFO 9832 [egg-multipart] stream mode enable
2022-06-21 10:26:22,642 INFO 9832 [egg-static] starting static serve /public/ -> C:\CL\temp\web\public
2022-06-21 10:26:22,645 INFO 9832 [egg-security] use methodnoallow middleware
2022-06-21 10:26:22,646 INFO 9832 [egg-security] use noopen middleware
2022-06-21 10:26:22,647 INFO 9832 [egg-security] use nosniff middleware
2022-06-21 10:26:22,648 INFO 9832 [egg-security] use xssProtection middleware
2022-06-21 10:26:22,649 INFO 9832 [egg-security] use xframe middleware
2022-06-21 10:26:22,650 INFO 9832 [egg-security] use dta middleware
2022-06-21 10:26:22,650 INFO 9832 [egg-security] compose 6 middlewares into one security middleware
2022-06-21 10:26:22,672 INFO 9832 [egg:core] dump config after load, 7ms
2022-06-21 10:26:22,690 INFO 9832 [egg-watcher:application] watcher start success
2022-06-21 10:26:22,704 INFO 9832 [egg:core] dump config after ready, 11ms
2022-06-21 10:26:24,631 INFO 12908 [egg:logger] init all loggers with options: {"dir":"C:\\CL\\temp\\web\\logs\\webapi","encoding":"utf8","env":"local","level":"INFO","consoleLevel":"INFO","disableConsoleAfterReady":false,"outputJSON":false,"buffer":true,"appLogName":"webapi-web.log","coreLogName":"egg-web.log","agentLogName":"egg-agent.log","errorLogName":"common-error.log","coreLogger":{"consoleLevel":"WARN"},"allowDebugAtProd":false,"enablePerformanceTimer":false,"type":"application"}
2022-06-21 10:26:24,685 INFO 12908 [egg-multipart] stream mode enable
2022-06-21 10:26:24,875 INFO 12908 [egg-static] starting static serve /public/ -> C:\CL\temp\web\public
2022-06-21 10:26:24,878 INFO 12908 [egg-security] use methodnoallow middleware
2022-06-21 10:26:24,880 INFO 12908 [egg-security] use noopen middleware
2022-06-21 10:26:24,883 INFO 12908 [egg-security] use nosniff middleware
2022-06-21 10:26:24,883 INFO 12908 [egg-security] use xssProtection middleware
2022-06-21 10:26:24,884 INFO 12908 [egg-security] use xframe middleware
2022-06-21 10:26:24,885 INFO 12908 [egg-security] use dta middleware
2022-06-21 10:26:24,885 INFO 12908 [egg-security] compose 6 middlewares into one security middleware
2022-06-21 10:26:24,907 INFO 12908 [egg:core] dump config after load, 12ms
2022-06-21 10:26:24,924 INFO 12908 [egg-watcher:application] watcher start success
2022-06-21 10:26:24,935 INFO 12908 [egg:core] dump config after ready, 8ms
2022-06-21 10:26:26,659 INFO 1020 [egg:logger] init all loggers with options: {"dir":"C:\\CL\\temp\\web\\logs\\webapi","encoding":"utf8","env":"local","level":"INFO","consoleLevel":"INFO","disableConsoleAfterReady":false,"outputJSON":false,"buffer":true,"appLogName":"webapi-web.log","coreLogName":"egg-web.log","agentLogName":"egg-agent.log","errorLogName":"common-error.log","coreLogger":{"consoleLevel":"WARN"},"allowDebugAtProd":false,"enablePerformanceTimer":false,"type":"application"}
2022-06-21 10:26:26,701 INFO 1020 [egg-multipart] stream mode enable
2022-06-21 10:26:26,898 INFO 1020 [egg-static] starting static serve /public/ -> C:\CL\temp\web\public
2022-06-21 10:26:26,901 INFO 1020 [egg-security] use methodnoallow middleware
2022-06-21 10:26:26,902 INFO 1020 [egg-security] use noopen middleware
2022-06-21 10:26:26,904 INFO 1020 [egg-security] use nosniff middleware
2022-06-21 10:26:26,905 INFO 1020 [egg-security] use xssProtection middleware
2022-06-21 10:26:26,905 INFO 1020 [egg-security] use xframe middleware
2022-06-21 10:26:26,906 INFO 1020 [egg-security] use dta middleware
2022-06-21 10:26:26,906 INFO 1020 [egg-security] compose 6 middlewares into one security middleware
2022-06-21 10:26:26,931 INFO 1020 [egg:core] dump config after load, 11ms
2022-06-21 10:26:26,946 INFO 1020 [egg-watcher:application] watcher start success
2022-06-21 10:26:26,957 INFO 1020 [egg:core] dump config after ready, 9ms
2022-06-21 10:27:30,857 INFO 348 [egg:logger] init all loggers with options: {"dir":"C:\\CL\\temp\\web\\logs\\webapi","encoding":"utf8","env":"local","level":"INFO","consoleLevel":"INFO","disableConsoleAfterReady":false,"outputJSON":false,"buffer":true,"appLogName":"webapi-web.log","coreLogName":"egg-web.log","agentLogName":"egg-agent.log","errorLogName":"common-error.log","coreLogger":{"consoleLevel":"WARN"},"allowDebugAtProd":false,"enablePerformanceTimer":false,"type":"application"}
2022-06-21 10:27:30,901 INFO 348 [egg-multipart] stream mode enable
2022-06-21 10:27:31,085 INFO 348 [egg-static] starting static serve /public/ -> C:\CL\temp\web\public
2022-06-21 10:27:31,088 INFO 348 [egg-security] use methodnoallow middleware
2022-06-21 10:27:31,089 INFO 348 [egg-security] use noopen middleware
2022-06-21 10:27:31,091 INFO 348 [egg-security] use nosniff middleware
2022-06-21 10:27:31,091 INFO 348 [egg-security] use xssProtection middleware
2022-06-21 10:27:31,092 INFO 348 [egg-security] use xframe middleware
2022-06-21 10:27:31,093 INFO 348 [egg-security] use dta middleware
2022-06-21 10:27:31,093 INFO 348 [egg-security] compose 6 middlewares into one security middleware
2022-06-21 10:27:31,110 INFO 348 [egg:core] dump config after load, 7ms
2022-06-21 10:27:31,126 INFO 348 [egg-watcher:application] watcher start success
2022-06-21 10:27:31,138 INFO 348 [egg:core] dump config after ready, 10ms
2022-06-21 10:28:35,464 INFO 15996 [egg:logger] init all loggers with options: {"dir":"C:\\CL\\temp\\web\\logs\\webapi","encoding":"utf8","env":"local","level":"INFO","consoleLevel":"INFO","disableConsoleAfterReady":false,"outputJSON":false,"buffer":true,"appLogName":"webapi-web.log","coreLogName":"egg-web.log","agentLogName":"egg-agent.log","errorLogName":"common-error.log","coreLogger":{"consoleLevel":"WARN"},"allowDebugAtProd":false,"enablePerformanceTimer":false,"type":"application"}
2022-06-21 10:28:35,509 INFO 15996 [egg-multipart] stream mode enable
2022-06-21 10:28:35,710 INFO 15996 [egg-static] starting static serve /public/ -> C:\CL\temp\web\public
2022-06-21 10:28:35,715 INFO 15996 [egg-security] use methodnoallow middleware
2022-06-21 10:28:35,717 INFO 15996 [egg-security] use noopen middleware
2022-06-21 10:28:35,720 INFO 15996 [egg-security] use nosniff middleware
2022-06-21 10:28:35,721 INFO 15996 [egg-security] use xssProtection middleware
2022-06-21 10:28:35,723 INFO 15996 [egg-security] use xframe middleware
2022-06-21 10:28:35,725 INFO 15996 [egg-security] use dta middleware
2022-06-21 10:28:35,725 INFO 15996 [egg-security] compose 6 middlewares into one security middleware
2022-06-21 10:28:35,744 INFO 15996 [egg:core] dump config after load, 10ms
2022-06-21 10:28:35,760 INFO 15996 [egg-watcher:application] watcher start success
2022-06-21 10:28:35,772 INFO 15996 [egg:core] dump config after ready, 10ms
2022-06-21 10:30:05,796 INFO 12908 [egg:logger] init all loggers with options: {"dir":"C:\\CL\\temp\\web\\logs\\webapi","encoding":"utf8","env":"local","level":"INFO","consoleLevel":"INFO","disableConsoleAfterReady":false,"outputJSON":false,"buffer":true,"appLogName":"webapi-web.log","coreLogName":"egg-web.log","agentLogName":"egg-agent.log","errorLogName":"common-error.log","coreLogger":{"consoleLevel":"WARN"},"allowDebugAtProd":false,"enablePerformanceTimer":false,"type":"application"}
2022-06-21 10:30:05,845 INFO 12908 [egg-multipart] stream mode enable
2022-06-21 10:30:06,039 INFO 12908 [egg-static] starting static serve /public/ -> C:\CL\temp\web\public
2022-06-21 10:30:06,042 INFO 12908 [egg-security] use methodnoallow middleware
2022-06-21 10:30:06,043 INFO 12908 [egg-security] use noopen middleware
2022-06-21 10:30:06,044 INFO 12908 [egg-security] use nosniff middleware
2022-06-21 10:30:06,045 INFO 12908 [egg-security] use xssProtection middleware
2022-06-21 10:30:06,046 INFO 12908 [egg-security] use xframe middleware
2022-06-21 10:30:06,047 INFO 12908 [egg-security] use dta middleware
2022-06-21 10:30:06,047 INFO 12908 [egg-security] compose 6 middlewares into one security middleware
2022-06-21 10:30:06,073 INFO 12908 [egg:core] dump config after load, 8ms
2022-06-21 10:30:06,089 INFO 12908 [egg-watcher:application] watcher start success
2022-06-21 10:30:06,100 INFO 12908 [egg:core] dump config after ready, 9ms
2022-06-21 10:30:18,868 INFO 15548 [egg:logger] init all loggers with options: {"dir":"C:\\CL\\temp\\web\\logs\\webapi","encoding":"utf8","env":"local","level":"INFO","consoleLevel":"INFO","disableConsoleAfterReady":false,"outputJSON":false,"buffer":true,"appLogName":"webapi-web.log","coreLogName":"egg-web.log","agentLogName":"egg-agent.log","errorLogName":"common-error.log","coreLogger":{"consoleLevel":"WARN"},"allowDebugAtProd":false,"enablePerformanceTimer":false,"type":"application"}
2022-06-21 10:30:18,910 INFO 15548 [egg-multipart] stream mode enable
2022-06-21 10:30:19,117 INFO 15548 [egg-static] starting static serve /public/ -> C:\CL\temp\web\public
2022-06-21 10:30:19,120 INFO 15548 [egg-security] use methodnoallow middleware
2022-06-21 10:30:19,121 INFO 15548 [egg-security] use noopen middleware
2022-06-21 10:30:19,123 INFO 15548 [egg-security] use nosniff middleware
2022-06-21 10:30:19,123 INFO 15548 [egg-security] use xssProtection middleware
2022-06-21 10:30:19,124 INFO 15548 [egg-security] use xframe middleware
2022-06-21 10:30:19,125 INFO 15548 [egg-security] use dta middleware
2022-06-21 10:30:19,125 INFO 15548 [egg-security] compose 6 middlewares into one security middleware
2022-06-21 10:30:19,143 INFO 15548 [egg:core] dump config after load, 8ms
2022-06-21 10:30:19,159 INFO 15548 [egg-watcher:application] watcher start success
2022-06-21 10:30:19,171 INFO 15548 [egg:core] dump config after ready, 10ms
2022-06-21 10:30:56,215 INFO 8112 [egg:logger] init all loggers with options: {"dir":"C:\\CL\\temp\\web\\logs\\webapi","encoding":"utf8","env":"local","level":"INFO","consoleLevel":"INFO","disableConsoleAfterReady":false,"outputJSON":false,"buffer":true,"appLogName":"webapi-web.log","coreLogName":"egg-web.log","agentLogName":"egg-agent.log","errorLogName":"common-error.log","coreLogger":{"consoleLevel":"WARN"},"allowDebugAtProd":false,"enablePerformanceTimer":false,"type":"application"}
2022-06-21 10:30:56,260 INFO 8112 [egg-multipart] stream mode enable
2022-06-21 10:30:56,439 INFO 8112 [egg-static] starting static serve /public/ -> C:\CL\temp\web\public
2022-06-21 10:30:56,442 INFO 8112 [egg-security] use methodnoallow middleware
2022-06-21 10:30:56,443 INFO 8112 [egg-security] use noopen middleware
2022-06-21 10:30:56,445 INFO 8112 [egg-security] use nosniff middleware
2022-06-21 10:30:56,446 INFO 8112 [egg-security] use xssProtection middleware
2022-06-21 10:30:56,446 INFO 8112 [egg-security] use xframe middleware
2022-06-21 10:30:56,447 INFO 8112 [egg-security] use dta middleware
2022-06-21 10:30:56,447 INFO 8112 [egg-security] compose 6 middlewares into one security middleware
2022-06-21 10:30:56,465 INFO 8112 [egg:core] dump config after load, 8ms
2022-06-21 10:30:56,480 INFO 8112 [egg-watcher:application] watcher start success
2022-06-21 10:30:56,495 INFO 8112 [egg:core] dump config after ready, 10ms
2022-06-21 10:32:36,067 INFO 11216 [egg:logger] init all loggers with options: {"dir":"C:\\CL\\temp\\web\\logs\\webapi","encoding":"utf8","env":"local","level":"INFO","consoleLevel":"INFO","disableConsoleAfterReady":false,"outputJSON":false,"buffer":true,"appLogName":"webapi-web.log","coreLogName":"egg-web.log","agentLogName":"egg-agent.log","errorLogName":"common-error.log","coreLogger":{"consoleLevel":"WARN"},"allowDebugAtProd":false,"enablePerformanceTimer":false,"type":"application"}
2022-06-21 10:32:36,115 INFO 11216 [egg-multipart] stream mode enable
2022-06-21 10:32:36,307 INFO 11216 [egg-static] starting static serve /public/ -> C:\CL\temp\web\public
2022-06-21 10:32:36,310 INFO 11216 [egg-security] use methodnoallow middleware
2022-06-21 10:32:36,310 INFO 11216 [egg-security] use noopen middleware
2022-06-21 10:32:36,312 INFO 11216 [egg-security] use nosniff middleware
2022-06-21 10:32:36,313 INFO 11216 [egg-security] use xssProtection middleware
2022-06-21 10:32:36,314 INFO 11216 [egg-security] use xframe middleware
2022-06-21 10:32:36,315 INFO 11216 [egg-security] use dta middleware
2022-06-21 10:32:36,315 INFO 11216 [egg-security] compose 6 middlewares into one security middleware
2022-06-21 10:32:36,332 INFO 11216 [egg:core] dump config after load, 7ms
2022-06-21 10:32:36,346 INFO 11216 [egg-watcher:application] watcher start success
2022-06-21 10:32:36,361 INFO 11216 [egg:core] dump config after ready, 13ms
2022-06-21 10:33:35,450 INFO 1036 [egg:logger] init all loggers with options: {"dir":"C:\\CL\\temp\\web\\logs\\webapi","encoding":"utf8","env":"local","level":"INFO","consoleLevel":"INFO","disableConsoleAfterReady":false,"outputJSON":false,"buffer":true,"appLogName":"webapi-web.log","coreLogName":"egg-web.log","agentLogName":"egg-agent.log","errorLogName":"common-error.log","coreLogger":{"consoleLevel":"WARN"},"allowDebugAtProd":false,"enablePerformanceTimer":false,"type":"application"}
2022-06-21 10:33:35,496 INFO 1036 [egg-multipart] stream mode enable
2022-06-21 10:33:35,695 INFO 1036 [egg-static] starting static serve /public/ -> C:\CL\temp\web\public
2022-06-21 10:33:35,700 INFO 1036 [egg-security] use methodnoallow middleware
2022-06-21 10:33:35,702 INFO 1036 [egg-security] use noopen middleware
2022-06-21 10:33:35,704 INFO 1036 [egg-security] use nosniff middleware
2022-06-21 10:33:35,704 INFO 1036 [egg-security] use xssProtection middleware
2022-06-21 10:33:35,705 INFO 1036 [egg-security] use xframe middleware
2022-06-21 10:33:35,706 INFO 1036 [egg-security] use dta middleware
2022-06-21 10:33:35,706 INFO 1036 [egg-security] compose 6 middlewares into one security middleware
2022-06-21 10:33:35,724 INFO 1036 [egg:core] dump config after load, 8ms
2022-06-21 10:33:35,742 INFO 1036 [egg-watcher:application] watcher start success
2022-06-21 10:33:35,758 INFO 1036 [egg:core] dump config after ready, 13ms
2022-06-21 10:33:53,057 INFO 15500 [egg:logger] init all loggers with options: {"dir":"C:\\CL\\temp\\web\\logs\\webapi","encoding":"utf8","env":"local","level":"INFO","consoleLevel":"INFO","disableConsoleAfterReady":false,"outputJSON":false,"buffer":true,"appLogName":"webapi-web.log","coreLogName":"egg-web.log","agentLogName":"egg-agent.log","errorLogName":"common-error.log","coreLogger":{"consoleLevel":"WARN"},"allowDebugAtProd":false,"enablePerformanceTimer":false,"type":"application"}
2022-06-21 10:33:53,104 INFO 15500 [egg-multipart] stream mode enable
2022-06-21 10:33:53,296 INFO 15500 [egg-static] starting static serve /public/ -> C:\CL\temp\web\public
2022-06-21 10:33:53,299 INFO 15500 [egg-security] use methodnoallow middleware
2022-06-21 10:33:53,300 INFO 15500 [egg-security] use noopen middleware
2022-06-21 10:33:53,301 INFO 15500 [egg-security] use nosniff middleware
2022-06-21 10:33:53,302 INFO 15500 [egg-security] use xssProtection middleware
2022-06-21 10:33:53,303 INFO 15500 [egg-security] use xframe middleware
2022-06-21 10:33:53,304 INFO 15500 [egg-security] use dta middleware
2022-06-21 10:33:53,305 INFO 15500 [egg-security] compose 6 middlewares into one security middleware
2022-06-21 10:33:53,323 INFO 15500 [egg:core] dump config after load, 9ms
2022-06-21 10:33:53,343 INFO 15500 [egg-watcher:application] watcher start success
2022-06-21 10:33:53,359 INFO 15500 [egg:core] dump config after ready, 12ms
2022-06-21 10:33:55,844 INFO 15968 [egg:logger] init all loggers with options: {"dir":"C:\\CL\\temp\\web\\logs\\webapi","encoding":"utf8","env":"local","level":"INFO","consoleLevel":"INFO","disableConsoleAfterReady":false,"outputJSON":false,"buffer":true,"appLogName":"webapi-web.log","coreLogName":"egg-web.log","agentLogName":"egg-agent.log","errorLogName":"common-error.log","coreLogger":{"consoleLevel":"WARN"},"allowDebugAtProd":false,"enablePerformanceTimer":false,"type":"application"}
2022-06-21 10:33:55,889 INFO 15968 [egg-multipart] stream mode enable
2022-06-21 10:33:56,090 INFO 15968 [egg-static] starting static serve /public/ -> C:\CL\temp\web\public
2022-06-21 10:33:56,093 INFO 15968 [egg-security] use methodnoallow middleware
2022-06-21 10:33:56,094 INFO 15968 [egg-security] use noopen middleware
2022-06-21 10:33:56,095 INFO 15968 [egg-security] use nosniff middleware
2022-06-21 10:33:56,096 INFO 15968 [egg-security] use xssProtection middleware
2022-06-21 10:33:56,097 INFO 15968 [egg-security] use xframe middleware
2022-06-21 10:33:56,098 INFO 15968 [egg-security] use dta middleware
2022-06-21 10:33:56,098 INFO 15968 [egg-security] compose 6 middlewares into one security middleware
2022-06-21 10:33:56,124 INFO 15968 [egg:core] dump config after load, 12ms
2022-06-21 10:33:56,147 INFO 15968 [egg-watcher:application] watcher start success
2022-06-21 10:33:56,159 INFO 15968 [egg:core] dump config after ready, 10ms
2022-06-21 10:47:43,068 INFO 7804 [egg:logger] init all loggers with options: {"dir":"C:\\CL\\temp\\web\\logs\\webapi","encoding":"utf8","env":"local","level":"INFO","consoleLevel":"INFO","disableConsoleAfterReady":false,"outputJSON":false,"buffer":true,"appLogName":"webapi-web.log","coreLogName":"egg-web.log","agentLogName":"egg-agent.log","errorLogName":"common-error.log","coreLogger":{"consoleLevel":"WARN"},"allowDebugAtProd":false,"enablePerformanceTimer":false,"type":"application"}
2022-06-21 10:47:43,117 INFO 7804 [egg-multipart] stream mode enable
2022-06-21 10:47:43,318 INFO 7804 [egg-static] starting static serve /public/ -> C:\CL\temp\web\public
2022-06-21 10:47:43,321 INFO 7804 [egg-security] use methodnoallow middleware
2022-06-21 10:47:43,322 INFO 7804 [egg-security] use noopen middleware
2022-06-21 10:47:43,323 INFO 7804 [egg-security] use nosniff middleware
2022-06-21 10:47:43,324 INFO 7804 [egg-security] use xssProtection middleware
2022-06-21 10:47:43,325 INFO 7804 [egg-security] use xframe middleware
2022-06-21 10:47:43,326 INFO 7804 [egg-security] use dta middleware
2022-06-21 10:47:43,326 INFO 7804 [egg-security] compose 6 middlewares into one security middleware
2022-06-21 10:47:43,345 INFO 7804 [egg:core] dump config after load, 9ms
2022-06-21 10:47:43,365 INFO 7804 [egg-watcher:application] watcher start success
2022-06-21 10:47:43,376 INFO 7804 [egg:core] dump config after ready, 9ms
2022-06-21 10:47:48,254 INFO 6908 [egg:logger] init all loggers with options: {"dir":"C:\\CL\\temp\\web\\logs\\webapi","encoding":"utf8","env":"local","level":"INFO","consoleLevel":"INFO","disableConsoleAfterReady":false,"outputJSON":false,"buffer":true,"appLogName":"webapi-web.log","coreLogName":"egg-web.log","agentLogName":"egg-agent.log","errorLogName":"common-error.log","coreLogger":{"consoleLevel":"WARN"},"allowDebugAtProd":false,"enablePerformanceTimer":false,"type":"application"}
2022-06-21 10:47:48,303 INFO 6908 [egg-multipart] stream mode enable
2022-06-21 10:47:48,503 INFO 6908 [egg-static] starting static serve /public/ -> C:\CL\temp\web\public
2022-06-21 10:47:48,507 INFO 6908 [egg-security] use methodnoallow middleware
2022-06-21 10:47:48,507 INFO 6908 [egg-security] use noopen middleware
2022-06-21 10:47:48,510 INFO 6908 [egg-security] use nosniff middleware
2022-06-21 10:47:48,512 INFO 6908 [egg-security] use xssProtection middleware
2022-06-21 10:47:48,512 INFO 6908 [egg-security] use xframe middleware
2022-06-21 10:47:48,513 INFO 6908 [egg-security] use dta middleware
2022-06-21 10:47:48,513 INFO 6908 [egg-security] compose 6 middlewares into one security middleware
2022-06-21 10:47:48,531 INFO 6908 [egg:core] dump config after load, 8ms
2022-06-21 10:47:48,548 INFO 6908 [egg-watcher:application] watcher start success
2022-06-21 10:47:48,561 INFO 6908 [egg:core] dump config after ready, 9ms
2022-06-21 10:48:46,219 INFO 15016 [egg:logger] init all loggers with options: {"dir":"C:\\CL\\temp\\web\\logs\\webapi","encoding":"utf8","env":"local","level":"INFO","consoleLevel":"INFO","disableConsoleAfterReady":false,"outputJSON":false,"buffer":true,"appLogName":"webapi-web.log","coreLogName":"egg-web.log","agentLogName":"egg-agent.log","errorLogName":"common-error.log","coreLogger":{"consoleLevel":"WARN"},"allowDebugAtProd":false,"enablePerformanceTimer":false,"type":"application"}
2022-06-21 10:48:46,260 INFO 15016 [egg-multipart] stream mode enable
2022-06-21 10:48:46,437 INFO 15016 [egg-static] starting static serve /public/ -> C:\CL\temp\web\public
2022-06-21 10:48:46,441 INFO 15016 [egg-security] use methodnoallow middleware
2022-06-21 10:48:46,442 INFO 15016 [egg-security] use noopen middleware
2022-06-21 10:48:46,443 INFO 15016 [egg-security] use nosniff middleware
2022-06-21 10:48:46,444 INFO 15016 [egg-security] use xssProtection middleware
2022-06-21 10:48:46,445 INFO 15016 [egg-security] use xframe middleware
2022-06-21 10:48:46,446 INFO 15016 [egg-security] use dta middleware
2022-06-21 10:48:46,446 INFO 15016 [egg-security] compose 6 middlewares into one security middleware
2022-06-21 10:48:46,465 INFO 15016 [egg:core] dump config after load, 8ms
2022-06-21 10:48:46,479 INFO 15016 [egg-watcher:application] watcher start success
2022-06-21 10:48:46,490 INFO 15016 [egg:core] dump config after ready, 8ms
2022-06-21 10:52:08,575 INFO 8452 [egg:logger] init all loggers with options: {"dir":"C:\\CL\\temp\\web\\logs\\webapi","encoding":"utf8","env":"local","level":"INFO","consoleLevel":"INFO","disableConsoleAfterReady":false,"outputJSON":false,"buffer":true,"appLogName":"webapi-web.log","coreLogName":"egg-web.log","agentLogName":"egg-agent.log","errorLogName":"common-error.log","coreLogger":{"consoleLevel":"WARN"},"allowDebugAtProd":false,"enablePerformanceTimer":false,"type":"application"}
2022-06-21 10:52:08,622 INFO 8452 [egg-multipart] stream mode enable
2022-06-21 10:52:08,833 INFO 8452 [egg-static] starting static serve /public/ -> C:\CL\temp\web\public
2022-06-21 10:52:08,837 INFO 8452 [egg-security] use methodnoallow middleware
2022-06-21 10:52:08,838 INFO 8452 [egg-security] use noopen middleware
2022-06-21 10:52:08,839 INFO 8452 [egg-security] use nosniff middleware
2022-06-21 10:52:08,840 INFO 8452 [egg-security] use xssProtection middleware
2022-06-21 10:52:08,841 INFO 8452 [egg-security] use xframe middleware
2022-06-21 10:52:08,843 INFO 8452 [egg-security] use dta middleware
2022-06-21 10:52:08,843 INFO 8452 [egg-security] compose 6 middlewares into one security middleware
2022-06-21 10:52:08,864 INFO 8452 [egg:core] dump config after load, 9ms
2022-06-21 10:52:08,880 INFO 8452 [egg-watcher:application] watcher start success
2022-06-21 10:52:08,892 INFO 8452 [egg:core] dump config after ready, 10ms
2022-06-21 11:48:37,894 INFO 17668 [egg:logger] init all loggers with options: {"dir":"C:\\CL\\temp\\web\\logs\\webapi","encoding":"utf8","env":"local","level":"INFO","consoleLevel":"INFO","disableConsoleAfterReady":false,"outputJSON":false,"buffer":true,"appLogName":"webapi-web.log","coreLogName":"egg-web.log","agentLogName":"egg-agent.log","errorLogName":"common-error.log","coreLogger":{"consoleLevel":"WARN"},"allowDebugAtProd":false,"enablePerformanceTimer":false,"type":"application"}
2022-06-21 11:48:37,938 INFO 17668 [egg-multipart] stream mode enable
2022-06-21 11:48:38,147 INFO 17668 [egg-static] starting static serve /public/ -> C:\CL\temp\web\public
2022-06-21 11:48:38,153 INFO 17668 [egg-security] use methodnoallow middleware
2022-06-21 11:48:38,155 INFO 17668 [egg-security] use noopen middleware
2022-06-21 11:48:38,156 INFO 17668 [egg-security] use nosniff middleware
2022-06-21 11:48:38,157 INFO 17668 [egg-security] use xssProtection middleware
2022-06-21 11:48:38,158 INFO 17668 [egg-security] use xframe middleware
2022-06-21 11:48:38,159 INFO 17668 [egg-security] use dta middleware
2022-06-21 11:48:38,159 INFO 17668 [egg-security] compose 6 middlewares into one security middleware
2022-06-21 11:48:38,245 INFO 17668 [egg:core] dump config after load, 30ms
2022-06-21 11:48:38,262 INFO 17668 [egg-watcher:application] watcher start success
2022-06-21 11:48:38,274 INFO 17668 [egg:core] dump config after ready, 10ms
2022-06-21 11:48:40,197 INFO 10004 [egg:logger] init all loggers with options: {"dir":"C:\\CL\\temp\\web\\logs\\webapi","encoding":"utf8","env":"local","level":"INFO","consoleLevel":"INFO","disableConsoleAfterReady":false,"outputJSON":false,"buffer":true,"appLogName":"webapi-web.log","coreLogName":"egg-web.log","agentLogName":"egg-agent.log","errorLogName":"common-error.log","coreLogger":{"consoleLevel":"WARN"},"allowDebugAtProd":false,"enablePerformanceTimer":false,"type":"application"}
2022-06-21 11:48:40,246 INFO 10004 [egg-multipart] stream mode enable
2022-06-21 11:48:40,452 INFO 10004 [egg-static] starting static serve /public/ -> C:\CL\temp\web\public
2022-06-21 11:48:40,467 INFO 10004 [egg-security] use methodnoallow middleware
2022-06-21 11:48:40,468 INFO 10004 [egg-security] use noopen middleware
2022-06-21 11:48:40,470 INFO 10004 [egg-security] use nosniff middleware
2022-06-21 11:48:40,472 INFO 10004 [egg-security] use xssProtection middleware
2022-06-21 11:48:40,475 INFO 10004 [egg-security] use xframe middleware
2022-06-21 11:48:40,479 INFO 10004 [egg-security] use dta middleware
2022-06-21 11:48:40,479 INFO 10004 [egg-security] compose 6 middlewares into one security middleware
2022-06-21 11:48:40,507 INFO 10004 [egg:core] dump config after load, 12ms
2022-06-21 11:48:40,526 INFO 10004 [egg-watcher:application] watcher start success
2022-06-21 11:48:40,542 INFO 10004 [egg:core] dump config after ready, 10ms
2022-06-21 11:48:45,499 INFO 17292 [egg:logger] init all loggers with options: {"dir":"C:\\CL\\temp\\web\\logs\\webapi","encoding":"utf8","env":"local","level":"INFO","consoleLevel":"INFO","disableConsoleAfterReady":false,"outputJSON":false,"buffer":true,"appLogName":"webapi-web.log","coreLogName":"egg-web.log","agentLogName":"egg-agent.log","errorLogName":"common-error.log","coreLogger":{"consoleLevel":"WARN"},"allowDebugAtProd":false,"enablePerformanceTimer":false,"type":"application"}
2022-06-21 11:48:45,544 INFO 17292 [egg-multipart] stream mode enable
2022-06-21 11:48:45,737 INFO 17292 [egg-static] starting static serve /public/ -> C:\CL\temp\web\public
2022-06-21 11:48:45,741 INFO 17292 [egg-security] use methodnoallow middleware
2022-06-21 11:48:45,742 INFO 17292 [egg-security] use noopen middleware
2022-06-21 11:48:45,744 INFO 17292 [egg-security] use nosniff middleware
2022-06-21 11:48:45,745 INFO 17292 [egg-security] use xssProtection middleware
2022-06-21 11:48:45,746 INFO 17292 [egg-security] use xframe middleware
2022-06-21 11:48:45,747 INFO 17292 [egg-security] use dta middleware
2022-06-21 11:48:45,747 INFO 17292 [egg-security] compose 6 middlewares into one security middleware
2022-06-21 11:48:45,765 INFO 17292 [egg:core] dump config after load, 8ms
2022-06-21 11:48:45,782 INFO 17292 [egg-watcher:application] watcher start success
2022-06-21 11:48:45,797 INFO 17292 [egg:core] dump config after ready, 13ms
2022-06-21 11:49:40,889 INFO 18988 [egg:logger] init all loggers with options: {"dir":"C:\\CL\\temp\\web\\logs\\webapi","encoding":"utf8","env":"local","level":"INFO","consoleLevel":"INFO","disableConsoleAfterReady":false,"outputJSON":false,"buffer":true,"appLogName":"webapi-web.log","coreLogName":"egg-web.log","agentLogName":"egg-agent.log","errorLogName":"common-error.log","coreLogger":{"consoleLevel":"WARN"},"allowDebugAtProd":false,"enablePerformanceTimer":false,"type":"application"}
2022-06-21 11:49:40,936 INFO 18988 [egg-multipart] stream mode enable
2022-06-21 11:49:41,147 INFO 18988 [egg-static] starting static serve /public/ -> C:\CL\temp\web\public
2022-06-21 11:49:41,151 INFO 18988 [egg-security] use methodnoallow middleware
2022-06-21 11:49:41,152 INFO 18988 [egg-security] use noopen middleware
2022-06-21 11:49:41,153 INFO 18988 [egg-security] use nosniff middleware
2022-06-21 11:49:41,154 INFO 18988 [egg-security] use xssProtection middleware
2022-06-21 11:49:41,155 INFO 18988 [egg-security] use xframe middleware
2022-06-21 11:49:41,156 INFO 18988 [egg-security] use dta middleware
2022-06-21 11:49:41,157 INFO 18988 [egg-security] compose 6 middlewares into one security middleware
2022-06-21 11:49:41,174 INFO 18988 [egg:core] dump config after load, 7ms
2022-06-21 11:49:41,191 INFO 18988 [egg-watcher:application] watcher start success
2022-06-21 11:49:41,203 INFO 18988 [egg:core] dump config after ready, 9ms
2022-06-21 11:51:59,096 INFO 16772 [egg:logger] init all loggers with options: {"dir":"C:\\CL\\temp\\web\\logs\\webapi","encoding":"utf8","env":"local","level":"INFO","consoleLevel":"INFO","disableConsoleAfterReady":false,"outputJSON":false,"buffer":true,"appLogName":"webapi-web.log","coreLogName":"egg-web.log","agentLogName":"egg-agent.log","errorLogName":"common-error.log","coreLogger":{"consoleLevel":"WARN"},"allowDebugAtProd":false,"enablePerformanceTimer":false,"type":"application"}
2022-06-21 11:51:59,145 INFO 16772 [egg-multipart] stream mode enable
2022-06-21 11:51:59,346 INFO 16772 [egg-static] starting static serve /public/ -> C:\CL\temp\web\public
2022-06-21 11:51:59,349 INFO 16772 [egg-security] use methodnoallow middleware
2022-06-21 11:51:59,350 INFO 16772 [egg-security] use noopen middleware
2022-06-21 11:51:59,352 INFO 16772 [egg-security] use nosniff middleware
2022-06-21 11:51:59,353 INFO 16772 [egg-security] use xssProtection middleware
2022-06-21 11:51:59,353 INFO 16772 [egg-security] use xframe middleware
2022-06-21 11:51:59,354 INFO 16772 [egg-security] use dta middleware
2022-06-21 11:51:59,354 INFO 16772 [egg-security] compose 6 middlewares into one security middleware
2022-06-21 11:51:59,372 INFO 16772 [egg:core] dump config after load, 7ms
2022-06-21 11:51:59,390 INFO 16772 [egg-watcher:application] watcher start success
2022-06-21 11:51:59,401 INFO 16772 [egg:core] dump config after ready, 9ms
2022-06-21 11:58:40,971 INFO 17772 [egg:logger] init all loggers with options: {"dir":"C:\\CL\\temp\\web\\logs\\webapi","encoding":"utf8","env":"local","level":"INFO","consoleLevel":"INFO","disableConsoleAfterReady":false,"outputJSON":false,"buffer":true,"appLogName":"webapi-web.log","coreLogName":"egg-web.log","agentLogName":"egg-agent.log","errorLogName":"common-error.log","coreLogger":{"consoleLevel":"WARN"},"allowDebugAtProd":false,"enablePerformanceTimer":false,"type":"application"}
2022-06-21 11:58:41,020 INFO 17772 [egg-multipart] stream mode enable
2022-06-21 11:58:41,199 INFO 17772 [egg-static] starting static serve /public/ -> C:\CL\temp\web\public
2022-06-21 11:58:41,202 INFO 17772 [egg-security] use methodnoallow middleware
2022-06-21 11:58:41,203 INFO 17772 [egg-security] use noopen middleware
2022-06-21 11:58:41,204 INFO 17772 [egg-security] use nosniff middleware
2022-06-21 11:58:41,205 INFO 17772 [egg-security] use xssProtection middleware
2022-06-21 11:58:41,206 INFO 17772 [egg-security] use xframe middleware
2022-06-21 11:58:41,207 INFO 17772 [egg-security] use dta middleware
2022-06-21 11:58:41,207 INFO 17772 [egg-security] compose 6 middlewares into one security middleware
2022-06-21 11:58:41,225 INFO 17772 [egg:core] dump config after load, 8ms
2022-06-21 11:58:41,241 INFO 17772 [egg-watcher:application] watcher start success
2022-06-21 11:58:41,258 INFO 17772 [egg:core] dump config after ready, 15ms
2022-06-21 12:20:38,660 INFO 17164 [egg:logger] init all loggers with options: {"dir":"C:\\CL\\temp\\web\\logs\\webapi","encoding":"utf8","env":"local","level":"INFO","consoleLevel":"INFO","disableConsoleAfterReady":false,"outputJSON":false,"buffer":true,"appLogName":"webapi-web.log","coreLogName":"egg-web.log","agentLogName":"egg-agent.log","errorLogName":"common-error.log","coreLogger":{"consoleLevel":"WARN"},"allowDebugAtProd":false,"enablePerformanceTimer":false,"type":"application"}
2022-06-21 12:20:38,707 INFO 17164 [egg-multipart] stream mode enable
2022-06-21 12:20:38,898 INFO 17164 [egg-static] starting static serve /public/ -> C:\CL\temp\web\public
2022-06-21 12:20:38,902 INFO 17164 [egg-security] use methodnoallow middleware
2022-06-21 12:20:38,903 INFO 17164 [egg-security] use noopen middleware
2022-06-21 12:20:38,904 INFO 17164 [egg-security] use nosniff middleware
2022-06-21 12:20:38,905 INFO 17164 [egg-security] use xssProtection middleware
2022-06-21 12:20:38,906 INFO 17164 [egg-security] use xframe middleware
2022-06-21 12:20:38,907 INFO 17164 [egg-security] use dta middleware
2022-06-21 12:20:38,907 INFO 17164 [egg-security] compose 6 middlewares into one security middleware
2022-06-21 12:20:38,925 INFO 17164 [egg:core] dump config after load, 7ms
2022-06-21 12:20:38,942 INFO 17164 [egg-watcher:application] watcher start success
2022-06-21 12:20:38,954 INFO 17164 [egg:core] dump config after ready, 10ms
2022-06-21 12:21:17,122 INFO 12772 [egg:logger] init all loggers with options: {"dir":"C:\\CL\\temp\\web\\logs\\webapi","encoding":"utf8","env":"local","level":"INFO","consoleLevel":"INFO","disableConsoleAfterReady":false,"outputJSON":false,"buffer":true,"appLogName":"webapi-web.log","coreLogName":"egg-web.log","agentLogName":"egg-agent.log","errorLogName":"common-error.log","coreLogger":{"consoleLevel":"WARN"},"allowDebugAtProd":false,"enablePerformanceTimer":false,"type":"application"}
2022-06-21 12:21:17,172 INFO 12772 [egg-multipart] stream mode enable
2022-06-21 12:21:17,372 INFO 12772 [egg-static] starting static serve /public/ -> C:\CL\temp\web\public
2022-06-21 12:21:17,377 INFO 12772 [egg-security] use methodnoallow middleware
2022-06-21 12:21:17,379 INFO 12772 [egg-security] use noopen middleware
2022-06-21 12:21:17,381 INFO 12772 [egg-security] use nosniff middleware
2022-06-21 12:21:17,381 INFO 12772 [egg-security] use xssProtection middleware
2022-06-21 12:21:17,382 INFO 12772 [egg-security] use xframe middleware
2022-06-21 12:21:17,383 INFO 12772 [egg-security] use dta middleware
2022-06-21 12:21:17,383 INFO 12772 [egg-security] compose 6 middlewares into one security middleware
2022-06-21 12:21:17,401 INFO 12772 [egg:core] dump config after load, 8ms
2022-06-21 12:21:17,416 INFO 12772 [egg-watcher:application] watcher start success
2022-06-21 12:21:17,429 INFO 12772 [egg:core] dump config after ready, 9ms
2022-06-21 12:21:36,611 ERROR 12772 nodejs.ReferenceError: writeData is not defined (uncaughtException throw 1 times on pid:12772)
    at WebSocket.<anonymous> (C:\CL\temp\web\app\service\wsmsg.js:39:17)
    at WebSocket.emit (node:events:390:28)
    at Receiver.receiverOnMessage (C:\CL\temp\web\node_modules\ws\lib\websocket.js:1169:20)
    at Receiver.emit (node:events:390:28)
    at Receiver.dataMessage (C:\CL\temp\web\node_modules\ws\lib\receiver.js:528:14)
    at Receiver.getData (C:\CL\temp\web\node_modules\ws\lib\receiver.js:446:17)
    at Receiver.startLoop (C:\CL\temp\web\node_modules\ws\lib\receiver.js:148:22)
    at Receiver._write (C:\CL\temp\web\node_modules\ws\lib\receiver.js:83:10)
    at writeOrBuffer (node:internal/streams/writable:389:12)
    at _write (node:internal/streams/writable:330:10)

pid: 12772
hostname: DESKTOP-LJ55B0T

2022-06-21 12:24:33,450 INFO 4040 [egg:logger] init all loggers with options: {"dir":"C:\\CL\\temp\\web\\logs\\webapi","encoding":"utf8","env":"local","level":"INFO","consoleLevel":"INFO","disableConsoleAfterReady":false,"outputJSON":false,"buffer":true,"appLogName":"webapi-web.log","coreLogName":"egg-web.log","agentLogName":"egg-agent.log","errorLogName":"common-error.log","coreLogger":{"consoleLevel":"WARN"},"allowDebugAtProd":false,"enablePerformanceTimer":false,"type":"application"}
2022-06-21 12:24:33,495 INFO 4040 [egg-multipart] stream mode enable
2022-06-21 12:24:33,692 INFO 4040 [egg-static] starting static serve /public/ -> C:\CL\temp\web\public
2022-06-21 12:24:33,695 INFO 4040 [egg-security] use methodnoallow middleware
2022-06-21 12:24:33,696 INFO 4040 [egg-security] use noopen middleware
2022-06-21 12:24:33,697 INFO 4040 [egg-security] use nosniff middleware
2022-06-21 12:24:33,698 INFO 4040 [egg-security] use xssProtection middleware
2022-06-21 12:24:33,698 INFO 4040 [egg-security] use xframe middleware
2022-06-21 12:24:33,699 INFO 4040 [egg-security] use dta middleware
2022-06-21 12:24:33,699 INFO 4040 [egg-security] compose 6 middlewares into one security middleware
2022-06-21 12:24:33,718 INFO 4040 [egg:core] dump config after load, 8ms
2022-06-21 12:24:33,737 INFO 4040 [egg-watcher:application] watcher start success
2022-06-21 12:24:33,749 INFO 4040 [egg:core] dump config after ready, 9ms
2022-06-21 12:24:42,055 ERROR 4040 nodejs.ReferenceError: writeData is not defined (uncaughtException throw 1 times on pid:4040)
    at WebSocket.<anonymous> (C:\CL\temp\web\app\service\wsmsg.js:39:17)
    at WebSocket.emit (node:events:390:28)
    at Receiver.receiverOnMessage (C:\CL\temp\web\node_modules\ws\lib\websocket.js:1169:20)
    at Receiver.emit (node:events:390:28)
    at Receiver.dataMessage (C:\CL\temp\web\node_modules\ws\lib\receiver.js:528:14)
    at Receiver.getData (C:\CL\temp\web\node_modules\ws\lib\receiver.js:446:17)
    at Receiver.startLoop (C:\CL\temp\web\node_modules\ws\lib\receiver.js:148:22)
    at Receiver._write (C:\CL\temp\web\node_modules\ws\lib\receiver.js:83:10)
    at writeOrBuffer (node:internal/streams/writable:389:12)
    at _write (node:internal/streams/writable:330:10)

pid: 4040
hostname: DESKTOP-LJ55B0T

2022-06-21 12:25:01,837 INFO 15308 [egg:logger] init all loggers with options: {"dir":"C:\\CL\\temp\\web\\logs\\webapi","encoding":"utf8","env":"local","level":"INFO","consoleLevel":"INFO","disableConsoleAfterReady":false,"outputJSON":false,"buffer":true,"appLogName":"webapi-web.log","coreLogName":"egg-web.log","agentLogName":"egg-agent.log","errorLogName":"common-error.log","coreLogger":{"consoleLevel":"WARN"},"allowDebugAtProd":false,"enablePerformanceTimer":false,"type":"application"}
2022-06-21 12:25:01,884 INFO 15308 [egg-multipart] stream mode enable
2022-06-21 12:25:02,091 INFO 15308 [egg-static] starting static serve /public/ -> C:\CL\temp\web\public
2022-06-21 12:25:02,094 INFO 15308 [egg-security] use methodnoallow middleware
2022-06-21 12:25:02,095 INFO 15308 [egg-security] use noopen middleware
2022-06-21 12:25:02,097 INFO 15308 [egg-security] use nosniff middleware
2022-06-21 12:25:02,097 INFO 15308 [egg-security] use xssProtection middleware
2022-06-21 12:25:02,098 INFO 15308 [egg-security] use xframe middleware
2022-06-21 12:25:02,100 INFO 15308 [egg-security] use dta middleware
2022-06-21 12:25:02,100 INFO 15308 [egg-security] compose 6 middlewares into one security middleware
2022-06-21 12:25:02,122 INFO 15308 [egg:core] dump config after load, 9ms
2022-06-21 12:25:02,137 INFO 15308 [egg-watcher:application] watcher start success
2022-06-21 12:25:02,150 INFO 15308 [egg:core] dump config after ready, 11ms
2022-06-21 12:27:06,848 INFO 1172 [egg:logger] init all loggers with options: {"dir":"C:\\CL\\temp\\web\\logs\\webapi","encoding":"utf8","env":"local","level":"INFO","consoleLevel":"INFO","disableConsoleAfterReady":false,"outputJSON":false,"buffer":true,"appLogName":"webapi-web.log","coreLogName":"egg-web.log","agentLogName":"egg-agent.log","errorLogName":"common-error.log","coreLogger":{"consoleLevel":"WARN"},"allowDebugAtProd":false,"enablePerformanceTimer":false,"type":"application"}
2022-06-21 12:27:06,892 INFO 1172 [egg-multipart] stream mode enable
2022-06-21 12:27:07,075 INFO 1172 [egg-static] starting static serve /public/ -> C:\CL\temp\web\public
2022-06-21 12:27:07,078 INFO 1172 [egg-security] use methodnoallow middleware
2022-06-21 12:27:07,079 INFO 1172 [egg-security] use noopen middleware
2022-06-21 12:27:07,080 INFO 1172 [egg-security] use nosniff middleware
2022-06-21 12:27:07,081 INFO 1172 [egg-security] use xssProtection middleware
2022-06-21 12:27:07,082 INFO 1172 [egg-security] use xframe middleware
2022-06-21 12:27:07,083 INFO 1172 [egg-security] use dta middleware
2022-06-21 12:27:07,083 INFO 1172 [egg-security] compose 6 middlewares into one security middleware
2022-06-21 12:27:07,100 INFO 1172 [egg:core] dump config after load, 7ms
2022-06-21 12:27:07,117 INFO 1172 [egg-watcher:application] watcher start success
2022-06-21 12:27:07,131 INFO 1172 [egg:core] dump config after ready, 12ms
2022-06-21 12:27:32,301 ERROR 1172 nodejs.TypeError: this.writeData is not a function (uncaughtException throw 1 times on pid:1172)
    at WebSocket.<anonymous> (C:\CL\temp\web\app\service\wsmsg.js:39:22)
    at WebSocket.emit (node:events:390:28)
    at Receiver.receiverOnMessage (C:\CL\temp\web\node_modules\ws\lib\websocket.js:1169:20)
    at Receiver.emit (node:events:390:28)
    at Receiver.dataMessage (C:\CL\temp\web\node_modules\ws\lib\receiver.js:528:14)
    at Receiver.getData (C:\CL\temp\web\node_modules\ws\lib\receiver.js:446:17)
    at Receiver.startLoop (C:\CL\temp\web\node_modules\ws\lib\receiver.js:148:22)
    at Receiver._write (C:\CL\temp\web\node_modules\ws\lib\receiver.js:83:10)
    at writeOrBuffer (node:internal/streams/writable:389:12)
    at _write (node:internal/streams/writable:330:10)

pid: 1172
hostname: DESKTOP-LJ55B0T

2022-06-21 12:28:15,059 INFO 18220 [egg:logger] init all loggers with options: {"dir":"C:\\CL\\temp\\web\\logs\\webapi","encoding":"utf8","env":"local","level":"INFO","consoleLevel":"INFO","disableConsoleAfterReady":false,"outputJSON":false,"buffer":true,"appLogName":"webapi-web.log","coreLogName":"egg-web.log","agentLogName":"egg-agent.log","errorLogName":"common-error.log","coreLogger":{"consoleLevel":"WARN"},"allowDebugAtProd":false,"enablePerformanceTimer":false,"type":"application"}
2022-06-21 12:28:15,122 INFO 18220 [egg-multipart] stream mode enable
2022-06-21 12:28:15,315 INFO 18220 [egg-static] starting static serve /public/ -> C:\CL\temp\web\public
2022-06-21 12:28:15,322 INFO 18220 [egg-security] use methodnoallow middleware
2022-06-21 12:28:15,324 INFO 18220 [egg-security] use noopen middleware
2022-06-21 12:28:15,327 INFO 18220 [egg-security] use nosniff middleware
2022-06-21 12:28:15,329 INFO 18220 [egg-security] use xssProtection middleware
2022-06-21 12:28:15,330 INFO 18220 [egg-security] use xframe middleware
2022-06-21 12:28:15,331 INFO 18220 [egg-security] use dta middleware
2022-06-21 12:28:15,331 INFO 18220 [egg-security] compose 6 middlewares into one security middleware
2022-06-21 12:28:15,348 INFO 18220 [egg:core] dump config after load, 8ms
2022-06-21 12:28:15,362 INFO 18220 [egg-watcher:application] watcher start success
2022-06-21 12:28:15,372 INFO 18220 [egg:core] dump config after ready, 8ms
2022-06-21 12:28:36,494 INFO 18536 [egg:logger] init all loggers with options: {"dir":"C:\\CL\\temp\\web\\logs\\webapi","encoding":"utf8","env":"local","level":"INFO","consoleLevel":"INFO","disableConsoleAfterReady":false,"outputJSON":false,"buffer":true,"appLogName":"webapi-web.log","coreLogName":"egg-web.log","agentLogName":"egg-agent.log","errorLogName":"common-error.log","coreLogger":{"consoleLevel":"WARN"},"allowDebugAtProd":false,"enablePerformanceTimer":false,"type":"application"}
2022-06-21 12:28:36,534 INFO 18536 [egg-multipart] stream mode enable
2022-06-21 12:28:36,722 INFO 18536 [egg-static] starting static serve /public/ -> C:\CL\temp\web\public
2022-06-21 12:28:36,725 INFO 18536 [egg-security] use methodnoallow middleware
2022-06-21 12:28:36,726 INFO 18536 [egg-security] use noopen middleware
2022-06-21 12:28:36,728 INFO 18536 [egg-security] use nosniff middleware
2022-06-21 12:28:36,729 INFO 18536 [egg-security] use xssProtection middleware
2022-06-21 12:28:36,730 INFO 18536 [egg-security] use xframe middleware
2022-06-21 12:28:36,731 INFO 18536 [egg-security] use dta middleware
2022-06-21 12:28:36,731 INFO 18536 [egg-security] compose 6 middlewares into one security middleware
2022-06-21 12:28:36,748 INFO 18536 [egg:core] dump config after load, 7ms
2022-06-21 12:28:36,765 INFO 18536 [egg-watcher:application] watcher start success
2022-06-21 12:28:36,776 INFO 18536 [egg:core] dump config after ready, 9ms
2022-06-21 12:28:42,384 ERROR 18536 nodejs.TypeError: this.writeData is not a function (uncaughtException throw 1 times on pid:18536)
    at WebSocket.<anonymous> (C:\CL\temp\web\app\service\wsmsg.js:39:22)
    at WebSocket.emit (node:events:390:28)
    at Receiver.receiverOnMessage (C:\CL\temp\web\node_modules\ws\lib\websocket.js:1169:20)
    at Receiver.emit (node:events:390:28)
    at Receiver.dataMessage (C:\CL\temp\web\node_modules\ws\lib\receiver.js:528:14)
    at Receiver.getData (C:\CL\temp\web\node_modules\ws\lib\receiver.js:446:17)
    at Receiver.startLoop (C:\CL\temp\web\node_modules\ws\lib\receiver.js:148:22)
    at Receiver._write (C:\CL\temp\web\node_modules\ws\lib\receiver.js:83:10)
    at writeOrBuffer (node:internal/streams/writable:389:12)
    at _write (node:internal/streams/writable:330:10)

pid: 18536
hostname: DESKTOP-LJ55B0T

2022-06-21 12:29:24,633 INFO 5552 [egg:logger] init all loggers with options: {"dir":"C:\\CL\\temp\\web\\logs\\webapi","encoding":"utf8","env":"local","level":"INFO","consoleLevel":"INFO","disableConsoleAfterReady":false,"outputJSON":false,"buffer":true,"appLogName":"webapi-web.log","coreLogName":"egg-web.log","agentLogName":"egg-agent.log","errorLogName":"common-error.log","coreLogger":{"consoleLevel":"WARN"},"allowDebugAtProd":false,"enablePerformanceTimer":false,"type":"application"}
2022-06-21 12:29:24,679 INFO 5552 [egg-multipart] stream mode enable
2022-06-21 12:29:24,870 INFO 5552 [egg-static] starting static serve /public/ -> C:\CL\temp\web\public
2022-06-21 12:29:24,874 INFO 5552 [egg-security] use methodnoallow middleware
2022-06-21 12:29:24,875 INFO 5552 [egg-security] use noopen middleware
2022-06-21 12:29:24,878 INFO 5552 [egg-security] use nosniff middleware
2022-06-21 12:29:24,880 INFO 5552 [egg-security] use xssProtection middleware
2022-06-21 12:29:24,882 INFO 5552 [egg-security] use xframe middleware
2022-06-21 12:29:24,884 INFO 5552 [egg-security] use dta middleware
2022-06-21 12:29:24,884 INFO 5552 [egg-security] compose 6 middlewares into one security middleware
2022-06-21 12:29:24,905 INFO 5552 [egg:core] dump config after load, 10ms
2022-06-21 12:29:24,921 INFO 5552 [egg-watcher:application] watcher start success
2022-06-21 12:29:24,932 INFO 5552 [egg:core] dump config after ready, 9ms
2022-06-21 12:30:02,998 INFO 7332 [egg:logger] init all loggers with options: {"dir":"C:\\CL\\temp\\web\\logs\\webapi","encoding":"utf8","env":"local","level":"INFO","consoleLevel":"INFO","disableConsoleAfterReady":false,"outputJSON":false,"buffer":true,"appLogName":"webapi-web.log","coreLogName":"egg-web.log","agentLogName":"egg-agent.log","errorLogName":"common-error.log","coreLogger":{"consoleLevel":"WARN"},"allowDebugAtProd":false,"enablePerformanceTimer":false,"type":"application"}
2022-06-21 12:30:03,041 INFO 7332 [egg-multipart] stream mode enable
2022-06-21 12:30:03,227 INFO 7332 [egg-static] starting static serve /public/ -> C:\CL\temp\web\public
2022-06-21 12:30:03,230 INFO 7332 [egg-security] use methodnoallow middleware
2022-06-21 12:30:03,231 INFO 7332 [egg-security] use noopen middleware
2022-06-21 12:30:03,232 INFO 7332 [egg-security] use nosniff middleware
2022-06-21 12:30:03,233 INFO 7332 [egg-security] use xssProtection middleware
2022-06-21 12:30:03,234 INFO 7332 [egg-security] use xframe middleware
2022-06-21 12:30:03,235 INFO 7332 [egg-security] use dta middleware
2022-06-21 12:30:03,235 INFO 7332 [egg-security] compose 6 middlewares into one security middleware
2022-06-21 12:30:03,255 INFO 7332 [egg:core] dump config after load, 11ms
2022-06-21 12:30:03,274 INFO 7332 [egg-watcher:application] watcher start success
2022-06-21 12:30:03,286 INFO 7332 [egg:core] dump config after ready, 10ms
2022-06-21 12:30:27,512 ERROR 7332 nodejs.TypeError: this.writeData is not a function (uncaughtException throw 1 times on pid:7332)
    at WebSocket.<anonymous> (C:\CL\temp\web\app\service\wsmsg.js:39:22)
    at WebSocket.emit (node:events:390:28)
    at Receiver.receiverOnMessage (C:\CL\temp\web\node_modules\ws\lib\websocket.js:1169:20)
    at Receiver.emit (node:events:390:28)
    at Receiver.dataMessage (C:\CL\temp\web\node_modules\ws\lib\receiver.js:528:14)
    at Receiver.getData (C:\CL\temp\web\node_modules\ws\lib\receiver.js:446:17)
    at Receiver.startLoop (C:\CL\temp\web\node_modules\ws\lib\receiver.js:148:22)
    at Receiver._write (C:\CL\temp\web\node_modules\ws\lib\receiver.js:83:10)
    at writeOrBuffer (node:internal/streams/writable:389:12)
    at _write (node:internal/streams/writable:330:10)

pid: 7332
hostname: DESKTOP-LJ55B0T

2022-06-21 12:33:30,362 INFO 17720 [egg:logger] init all loggers with options: {"dir":"C:\\CL\\temp\\web\\logs\\webapi","encoding":"utf8","env":"local","level":"INFO","consoleLevel":"INFO","disableConsoleAfterReady":false,"outputJSON":false,"buffer":true,"appLogName":"webapi-web.log","coreLogName":"egg-web.log","agentLogName":"egg-agent.log","errorLogName":"common-error.log","coreLogger":{"consoleLevel":"WARN"},"allowDebugAtProd":false,"enablePerformanceTimer":false,"type":"application"}
2022-06-21 12:33:30,407 INFO 17720 [egg-multipart] stream mode enable
2022-06-21 12:33:30,601 INFO 17720 [egg-static] starting static serve /public/ -> C:\CL\temp\web\public
2022-06-21 12:33:30,604 INFO 17720 [egg-security] use methodnoallow middleware
2022-06-21 12:33:30,605 INFO 17720 [egg-security] use noopen middleware
2022-06-21 12:33:30,607 INFO 17720 [egg-security] use nosniff middleware
2022-06-21 12:33:30,609 INFO 17720 [egg-security] use xssProtection middleware
2022-06-21 12:33:30,610 INFO 17720 [egg-security] use xframe middleware
2022-06-21 12:33:30,611 INFO 17720 [egg-security] use dta middleware
2022-06-21 12:33:30,611 INFO 17720 [egg-security] compose 6 middlewares into one security middleware
2022-06-21 12:33:30,628 INFO 17720 [egg:core] dump config after load, 7ms
2022-06-21 12:33:30,645 INFO 17720 [egg-watcher:application] watcher start success
2022-06-21 12:33:30,659 INFO 17720 [egg:core] dump config after ready, 11ms
2022-06-21 12:33:51,155 INFO 14832 [egg:logger] init all loggers with options: {"dir":"C:\\CL\\temp\\web\\logs\\webapi","encoding":"utf8","env":"local","level":"INFO","consoleLevel":"INFO","disableConsoleAfterReady":false,"outputJSON":false,"buffer":true,"appLogName":"webapi-web.log","coreLogName":"egg-web.log","agentLogName":"egg-agent.log","errorLogName":"common-error.log","coreLogger":{"consoleLevel":"WARN"},"allowDebugAtProd":false,"enablePerformanceTimer":false,"type":"application"}
2022-06-21 12:33:51,198 INFO 14832 [egg-multipart] stream mode enable
2022-06-21 12:33:51,401 INFO 14832 [egg-static] starting static serve /public/ -> C:\CL\temp\web\public
2022-06-21 12:33:51,405 INFO 14832 [egg-security] use methodnoallow middleware
2022-06-21 12:33:51,407 INFO 14832 [egg-security] use noopen middleware
2022-06-21 12:33:51,410 INFO 14832 [egg-security] use nosniff middleware
2022-06-21 12:33:51,411 INFO 14832 [egg-security] use xssProtection middleware
2022-06-21 12:33:51,413 INFO 14832 [egg-security] use xframe middleware
2022-06-21 12:33:51,414 INFO 14832 [egg-security] use dta middleware
2022-06-21 12:33:51,414 INFO 14832 [egg-security] compose 6 middlewares into one security middleware
2022-06-21 12:33:51,432 INFO 14832 [egg:core] dump config after load, 7ms
2022-06-21 12:33:51,450 INFO 14832 [egg-watcher:application] watcher start success
2022-06-21 12:33:51,462 INFO 14832 [egg:core] dump config after ready, 10ms
2022-06-21 12:34:30,633 INFO 17768 [egg:logger] init all loggers with options: {"dir":"C:\\CL\\temp\\web\\logs\\webapi","encoding":"utf8","env":"local","level":"INFO","consoleLevel":"INFO","disableConsoleAfterReady":false,"outputJSON":false,"buffer":true,"appLogName":"webapi-web.log","coreLogName":"egg-web.log","agentLogName":"egg-agent.log","errorLogName":"common-error.log","coreLogger":{"consoleLevel":"WARN"},"allowDebugAtProd":false,"enablePerformanceTimer":false,"type":"application"}
2022-06-21 12:34:30,683 INFO 17768 [egg-multipart] stream mode enable
2022-06-21 12:34:30,881 INFO 17768 [egg-static] starting static serve /public/ -> C:\CL\temp\web\public
2022-06-21 12:34:30,884 INFO 17768 [egg-security] use methodnoallow middleware
2022-06-21 12:34:30,885 INFO 17768 [egg-security] use noopen middleware
2022-06-21 12:34:30,887 INFO 17768 [egg-security] use nosniff middleware
2022-06-21 12:34:30,888 INFO 17768 [egg-security] use xssProtection middleware
2022-06-21 12:34:30,888 INFO 17768 [egg-security] use xframe middleware
2022-06-21 12:34:30,889 INFO 17768 [egg-security] use dta middleware
2022-06-21 12:34:30,889 INFO 17768 [egg-security] compose 6 middlewares into one security middleware
2022-06-21 12:34:30,912 INFO 17768 [egg:core] dump config after load, 12ms
2022-06-21 12:34:30,926 INFO 17768 [egg-watcher:application] watcher start success
2022-06-21 12:34:30,936 INFO 17768 [egg:core] dump config after ready, 8ms
2022-06-21 12:35:46,908 INFO 17604 [egg:logger] init all loggers with options: {"dir":"C:\\CL\\temp\\web\\logs\\webapi","encoding":"utf8","env":"local","level":"INFO","consoleLevel":"INFO","disableConsoleAfterReady":false,"outputJSON":false,"buffer":true,"appLogName":"webapi-web.log","coreLogName":"egg-web.log","agentLogName":"egg-agent.log","errorLogName":"common-error.log","coreLogger":{"consoleLevel":"WARN"},"allowDebugAtProd":false,"enablePerformanceTimer":false,"type":"application"}
2022-06-21 12:35:46,951 INFO 17604 [egg-multipart] stream mode enable
2022-06-21 12:35:47,145 INFO 17604 [egg-static] starting static serve /public/ -> C:\CL\temp\web\public
2022-06-21 12:35:47,151 INFO 17604 [egg-security] use methodnoallow middleware
2022-06-21 12:35:47,153 INFO 17604 [egg-security] use noopen middleware
2022-06-21 12:35:47,156 INFO 17604 [egg-security] use nosniff middleware
2022-06-21 12:35:47,157 INFO 17604 [egg-security] use xssProtection middleware
2022-06-21 12:35:47,157 INFO 17604 [egg-security] use xframe middleware
2022-06-21 12:35:47,158 INFO 17604 [egg-security] use dta middleware
2022-06-21 12:35:47,158 INFO 17604 [egg-security] compose 6 middlewares into one security middleware
2022-06-21 12:35:47,179 INFO 17604 [egg:core] dump config after load, 11ms
2022-06-21 12:35:47,194 INFO 17604 [egg-watcher:application] watcher start success
2022-06-21 12:35:47,209 INFO 17604 [egg:core] dump config after ready, 12ms
2022-06-21 12:38:42,401 INFO 18588 [egg:logger] init all loggers with options: {"dir":"C:\\CL\\temp\\web\\logs\\webapi","encoding":"utf8","env":"local","level":"INFO","consoleLevel":"INFO","disableConsoleAfterReady":false,"outputJSON":false,"buffer":true,"appLogName":"webapi-web.log","coreLogName":"egg-web.log","agentLogName":"egg-agent.log","errorLogName":"common-error.log","coreLogger":{"consoleLevel":"WARN"},"allowDebugAtProd":false,"enablePerformanceTimer":false,"type":"application"}
2022-06-21 12:38:42,443 INFO 18588 [egg-multipart] stream mode enable
2022-06-21 12:38:42,650 INFO 18588 [egg-static] starting static serve /public/ -> C:\CL\temp\web\public
2022-06-21 12:38:42,657 INFO 18588 [egg-security] use methodnoallow middleware
2022-06-21 12:38:42,658 INFO 18588 [egg-security] use noopen middleware
2022-06-21 12:38:42,659 INFO 18588 [egg-security] use nosniff middleware
2022-06-21 12:38:42,660 INFO 18588 [egg-security] use xssProtection middleware
2022-06-21 12:38:42,660 INFO 18588 [egg-security] use xframe middleware
2022-06-21 12:38:42,661 INFO 18588 [egg-security] use dta middleware
2022-06-21 12:38:42,661 INFO 18588 [egg-security] compose 6 middlewares into one security middleware
2022-06-21 12:38:42,680 INFO 18588 [egg:core] dump config after load, 7ms
2022-06-21 12:38:42,695 INFO 18588 [egg-watcher:application] watcher start success
2022-06-21 12:38:42,709 INFO 18588 [egg:core] dump config after ready, 11ms
2022-06-21 12:38:45,505 INFO 17420 [egg:logger] init all loggers with options: {"dir":"C:\\CL\\temp\\web\\logs\\webapi","encoding":"utf8","env":"local","level":"INFO","consoleLevel":"INFO","disableConsoleAfterReady":false,"outputJSON":false,"buffer":true,"appLogName":"webapi-web.log","coreLogName":"egg-web.log","agentLogName":"egg-agent.log","errorLogName":"common-error.log","coreLogger":{"consoleLevel":"WARN"},"allowDebugAtProd":false,"enablePerformanceTimer":false,"type":"application"}
2022-06-21 12:38:45,551 INFO 17420 [egg-multipart] stream mode enable
2022-06-21 12:38:45,741 INFO 17420 [egg-static] starting static serve /public/ -> C:\CL\temp\web\public
2022-06-21 12:38:45,744 INFO 17420 [egg-security] use methodnoallow middleware
2022-06-21 12:38:45,746 INFO 17420 [egg-security] use noopen middleware
2022-06-21 12:38:45,748 INFO 17420 [egg-security] use nosniff middleware
2022-06-21 12:38:45,749 INFO 17420 [egg-security] use xssProtection middleware
2022-06-21 12:38:45,749 INFO 17420 [egg-security] use xframe middleware
2022-06-21 12:38:45,750 INFO 17420 [egg-security] use dta middleware
2022-06-21 12:38:45,750 INFO 17420 [egg-security] compose 6 middlewares into one security middleware
2022-06-21 12:38:45,768 INFO 17420 [egg:core] dump config after load, 8ms
2022-06-21 12:38:45,787 INFO 17420 [egg-watcher:application] watcher start success
2022-06-21 12:38:45,798 INFO 17420 [egg:core] dump config after ready, 9ms
2022-06-21 12:40:16,783 INFO 12388 [egg:logger] init all loggers with options: {"dir":"C:\\CL\\temp\\web\\logs\\webapi","encoding":"utf8","env":"local","level":"INFO","consoleLevel":"INFO","disableConsoleAfterReady":false,"outputJSON":false,"buffer":true,"appLogName":"webapi-web.log","coreLogName":"egg-web.log","agentLogName":"egg-agent.log","errorLogName":"common-error.log","coreLogger":{"consoleLevel":"WARN"},"allowDebugAtProd":false,"enablePerformanceTimer":false,"type":"application"}
2022-06-21 12:40:16,826 INFO 12388 [egg-multipart] stream mode enable
2022-06-21 12:40:17,014 INFO 12388 [egg-static] starting static serve /public/ -> C:\CL\temp\web\public
2022-06-21 12:40:17,017 INFO 12388 [egg-security] use methodnoallow middleware
2022-06-21 12:40:17,018 INFO 12388 [egg-security] use noopen middleware
2022-06-21 12:40:17,020 INFO 12388 [egg-security] use nosniff middleware
2022-06-21 12:40:17,021 INFO 12388 [egg-security] use xssProtection middleware
2022-06-21 12:40:17,022 INFO 12388 [egg-security] use xframe middleware
2022-06-21 12:40:17,023 INFO 12388 [egg-security] use dta middleware
2022-06-21 12:40:17,023 INFO 12388 [egg-security] compose 6 middlewares into one security middleware
2022-06-21 12:40:17,039 INFO 12388 [egg:core] dump config after load, 8ms
2022-06-21 12:40:17,053 INFO 12388 [egg-watcher:application] watcher start success
2022-06-21 12:40:17,064 INFO 12388 [egg:core] dump config after ready, 9ms
2022-06-21 12:50:59,993 INFO 17540 [egg:logger] init all loggers with options: {"dir":"C:\\CL\\temp\\web\\logs\\webapi","encoding":"utf8","env":"local","level":"INFO","consoleLevel":"INFO","disableConsoleAfterReady":false,"outputJSON":false,"buffer":true,"appLogName":"webapi-web.log","coreLogName":"egg-web.log","agentLogName":"egg-agent.log","errorLogName":"common-error.log","coreLogger":{"consoleLevel":"WARN"},"allowDebugAtProd":false,"enablePerformanceTimer":false,"type":"application"}
2022-06-21 12:51:00,039 INFO 17540 [egg-multipart] stream mode enable
2022-06-21 12:51:00,255 INFO 17540 [egg-static] starting static serve /public/ -> C:\CL\temp\web\public
2022-06-21 12:51:00,258 INFO 17540 [egg-security] use methodnoallow middleware
2022-06-21 12:51:00,259 INFO 17540 [egg-security] use noopen middleware
2022-06-21 12:51:00,262 INFO 17540 [egg-security] use nosniff middleware
2022-06-21 12:51:00,262 INFO 17540 [egg-security] use xssProtection middleware
2022-06-21 12:51:00,263 INFO 17540 [egg-security] use xframe middleware
2022-06-21 12:51:00,265 INFO 17540 [egg-security] use dta middleware
2022-06-21 12:51:00,265 INFO 17540 [egg-security] compose 6 middlewares into one security middleware
2022-06-21 12:51:00,290 INFO 17540 [egg:core] dump config after load, 8ms
2022-06-21 12:51:00,308 INFO 17540 [egg-watcher:application] watcher start success
2022-06-21 12:51:00,319 INFO 17540 [egg:core] dump config after ready, 9ms
2022-06-21 12:51:02,236 INFO 6256 [egg:logger] init all loggers with options: {"dir":"C:\\CL\\temp\\web\\logs\\webapi","encoding":"utf8","env":"local","level":"INFO","consoleLevel":"INFO","disableConsoleAfterReady":false,"outputJSON":false,"buffer":true,"appLogName":"webapi-web.log","coreLogName":"egg-web.log","agentLogName":"egg-agent.log","errorLogName":"common-error.log","coreLogger":{"consoleLevel":"WARN"},"allowDebugAtProd":false,"enablePerformanceTimer":false,"type":"application"}
2022-06-21 12:51:02,283 INFO 6256 [egg-multipart] stream mode enable
2022-06-21 12:51:02,468 INFO 6256 [egg-static] starting static serve /public/ -> C:\CL\temp\web\public
2022-06-21 12:51:02,471 INFO 6256 [egg-security] use methodnoallow middleware
2022-06-21 12:51:02,472 INFO 6256 [egg-security] use noopen middleware
2022-06-21 12:51:02,474 INFO 6256 [egg-security] use nosniff middleware
2022-06-21 12:51:02,474 INFO 6256 [egg-security] use xssProtection middleware
2022-06-21 12:51:02,475 INFO 6256 [egg-security] use xframe middleware
2022-06-21 12:51:02,477 INFO 6256 [egg-security] use dta middleware
2022-06-21 12:51:02,477 INFO 6256 [egg-security] compose 6 middlewares into one security middleware
2022-06-21 12:51:02,496 INFO 6256 [egg:core] dump config after load, 7ms
2022-06-21 12:51:02,512 INFO 6256 [egg-watcher:application] watcher start success
2022-06-21 12:51:02,523 INFO 6256 [egg:core] dump config after ready, 9ms
2022-06-21 12:51:04,265 INFO 15492 [egg:logger] init all loggers with options: {"dir":"C:\\CL\\temp\\web\\logs\\webapi","encoding":"utf8","env":"local","level":"INFO","consoleLevel":"INFO","disableConsoleAfterReady":false,"outputJSON":false,"buffer":true,"appLogName":"webapi-web.log","coreLogName":"egg-web.log","agentLogName":"egg-agent.log","errorLogName":"common-error.log","coreLogger":{"consoleLevel":"WARN"},"allowDebugAtProd":false,"enablePerformanceTimer":false,"type":"application"}
2022-06-21 12:51:04,309 INFO 15492 [egg-multipart] stream mode enable
2022-06-21 12:51:04,529 INFO 15492 [egg-static] starting static serve /public/ -> C:\CL\temp\web\public
2022-06-21 12:51:04,535 INFO 15492 [egg-security] use methodnoallow middleware
2022-06-21 12:51:04,538 INFO 15492 [egg-security] use noopen middleware
2022-06-21 12:51:04,539 INFO 15492 [egg-security] use nosniff middleware
2022-06-21 12:51:04,540 INFO 15492 [egg-security] use xssProtection middleware
2022-06-21 12:51:04,541 INFO 15492 [egg-security] use xframe middleware
2022-06-21 12:51:04,542 INFO 15492 [egg-security] use dta middleware
2022-06-21 12:51:04,542 INFO 15492 [egg-security] compose 6 middlewares into one security middleware
2022-06-21 12:51:04,559 INFO 15492 [egg:core] dump config after load, 6ms
2022-06-21 12:51:04,584 INFO 15492 [egg-watcher:application] watcher start success
2022-06-21 12:51:04,595 INFO 15492 [egg:core] dump config after ready, 8ms
2022-06-21 12:51:22,771 INFO 15084 [egg:logger] init all loggers with options: {"dir":"C:\\CL\\temp\\web\\logs\\webapi","encoding":"utf8","env":"local","level":"INFO","consoleLevel":"INFO","disableConsoleAfterReady":false,"outputJSON":false,"buffer":true,"appLogName":"webapi-web.log","coreLogName":"egg-web.log","agentLogName":"egg-agent.log","errorLogName":"common-error.log","coreLogger":{"consoleLevel":"WARN"},"allowDebugAtProd":false,"enablePerformanceTimer":false,"type":"application"}
2022-06-21 12:51:22,813 INFO 15084 [egg-multipart] stream mode enable
2022-06-21 12:51:23,005 INFO 15084 [egg-static] starting static serve /public/ -> C:\CL\temp\web\public
2022-06-21 12:51:23,009 INFO 15084 [egg-security] use methodnoallow middleware
2022-06-21 12:51:23,011 INFO 15084 [egg-security] use noopen middleware
2022-06-21 12:51:23,012 INFO 15084 [egg-security] use nosniff middleware
2022-06-21 12:51:23,013 INFO 15084 [egg-security] use xssProtection middleware
2022-06-21 12:51:23,013 INFO 15084 [egg-security] use xframe middleware
2022-06-21 12:51:23,016 INFO 15084 [egg-security] use dta middleware
2022-06-21 12:51:23,017 INFO 15084 [egg-security] compose 6 middlewares into one security middleware
2022-06-21 12:51:23,036 INFO 15084 [egg:core] dump config after load, 7ms
2022-06-21 12:51:23,052 INFO 15084 [egg-watcher:application] watcher start success
2022-06-21 12:51:23,065 INFO 15084 [egg:core] dump config after ready, 9ms
2022-06-21 12:52:40,657 INFO 8788 [egg:logger] init all loggers with options: {"dir":"C:\\CL\\temp\\web\\logs\\webapi","encoding":"utf8","env":"local","level":"INFO","consoleLevel":"INFO","disableConsoleAfterReady":false,"outputJSON":false,"buffer":true,"appLogName":"webapi-web.log","coreLogName":"egg-web.log","agentLogName":"egg-agent.log","errorLogName":"common-error.log","coreLogger":{"consoleLevel":"WARN"},"allowDebugAtProd":false,"enablePerformanceTimer":false,"type":"application"}
2022-06-21 12:52:40,707 INFO 8788 [egg-multipart] stream mode enable
2022-06-21 12:52:40,903 INFO 8788 [egg-static] starting static serve /public/ -> C:\CL\temp\web\public
2022-06-21 12:52:40,907 INFO 8788 [egg-security] use methodnoallow middleware
2022-06-21 12:52:40,907 INFO 8788 [egg-security] use noopen middleware
2022-06-21 12:52:40,909 INFO 8788 [egg-security] use nosniff middleware
2022-06-21 12:52:40,910 INFO 8788 [egg-security] use xssProtection middleware
2022-06-21 12:52:40,911 INFO 8788 [egg-security] use xframe middleware
2022-06-21 12:52:40,913 INFO 8788 [egg-security] use dta middleware
2022-06-21 12:52:40,913 INFO 8788 [egg-security] compose 6 middlewares into one security middleware
2022-06-21 12:52:40,932 INFO 8788 [egg:core] dump config after load, 7ms
2022-06-21 12:52:40,946 INFO 8788 [egg-watcher:application] watcher start success
2022-06-21 12:52:40,959 INFO 8788 [egg:core] dump config after ready, 11ms
2022-06-21 12:52:52,462 INFO 16084 [egg:logger] init all loggers with options: {"dir":"C:\\CL\\temp\\web\\logs\\webapi","encoding":"utf8","env":"local","level":"INFO","consoleLevel":"INFO","disableConsoleAfterReady":false,"outputJSON":false,"buffer":true,"appLogName":"webapi-web.log","coreLogName":"egg-web.log","agentLogName":"egg-agent.log","errorLogName":"common-error.log","coreLogger":{"consoleLevel":"WARN"},"allowDebugAtProd":false,"enablePerformanceTimer":false,"type":"application"}
2022-06-21 12:52:52,509 INFO 16084 [egg-multipart] stream mode enable
2022-06-21 12:52:52,732 INFO 16084 [egg-static] starting static serve /public/ -> C:\CL\temp\web\public
2022-06-21 12:52:52,735 INFO 16084 [egg-security] use methodnoallow middleware
2022-06-21 12:52:52,736 INFO 16084 [egg-security] use noopen middleware
2022-06-21 12:52:52,737 INFO 16084 [egg-security] use nosniff middleware
2022-06-21 12:52:52,738 INFO 16084 [egg-security] use xssProtection middleware
2022-06-21 12:52:52,739 INFO 16084 [egg-security] use xframe middleware
2022-06-21 12:52:52,740 INFO 16084 [egg-security] use dta middleware
2022-06-21 12:52:52,740 INFO 16084 [egg-security] compose 6 middlewares into one security middleware
2022-06-21 12:52:52,761 INFO 16084 [egg:core] dump config after load, 10ms
2022-06-21 12:52:52,782 INFO 16084 [egg-watcher:application] watcher start success
2022-06-21 12:52:52,796 INFO 16084 [egg:core] dump config after ready, 9ms
2022-06-21 12:53:23,390 INFO 18264 [egg:logger] init all loggers with options: {"dir":"C:\\CL\\temp\\web\\logs\\webapi","encoding":"utf8","env":"local","level":"INFO","consoleLevel":"INFO","disableConsoleAfterReady":false,"outputJSON":false,"buffer":true,"appLogName":"webapi-web.log","coreLogName":"egg-web.log","agentLogName":"egg-agent.log","errorLogName":"common-error.log","coreLogger":{"consoleLevel":"WARN"},"allowDebugAtProd":false,"enablePerformanceTimer":false,"type":"application"}
2022-06-21 12:53:23,436 INFO 18264 [egg-multipart] stream mode enable
2022-06-21 12:53:23,635 INFO 18264 [egg-static] starting static serve /public/ -> C:\CL\temp\web\public
2022-06-21 12:53:23,639 INFO 18264 [egg-security] use methodnoallow middleware
2022-06-21 12:53:23,640 INFO 18264 [egg-security] use noopen middleware
2022-06-21 12:53:23,641 INFO 18264 [egg-security] use nosniff middleware
2022-06-21 12:53:23,642 INFO 18264 [egg-security] use xssProtection middleware
2022-06-21 12:53:23,644 INFO 18264 [egg-security] use xframe middleware
2022-06-21 12:53:23,645 INFO 18264 [egg-security] use dta middleware
2022-06-21 12:53:23,645 INFO 18264 [egg-security] compose 6 middlewares into one security middleware
2022-06-21 12:53:23,665 INFO 18264 [egg:core] dump config after load, 8ms
2022-06-21 12:53:23,683 INFO 18264 [egg-watcher:application] watcher start success
2022-06-21 12:53:23,695 INFO 18264 [egg:core] dump config after ready, 9ms
