2022-06-20 20:50:58,792 INFO 3668 [egg-schedule]: register schedule C:\CL\temp\web\node_modules\egg-multipart\app\schedule\clean_tmpdir.js
2022-06-20 20:50:58,792 INFO 3668 [egg-schedule]: register schedule C:\CL\temp\web\node_modules\egg-logrotator\app\schedule\clean_log.js
2022-06-20 20:50:58,792 INFO 3668 [egg-schedule]: register schedule C:\CL\temp\web\node_modules\egg-logrotator\app\schedule\rotate_by_file.js
2022-06-20 20:50:59,038 INFO 6712 [Timer] C:\CL\temp\web\node_modules\egg-multipart\app\schedule\clean_tmpdir.js next time will execute after 27540966ms at 2022-06-21 04:30:00.003
2022-06-20 20:50:59,038 INFO 6712 [Timer] C:\CL\temp\web\node_modules\egg-logrotator\app\schedule\clean_log.js next time will execute after 11340962ms at 2022-06-21 00:00:00.000
2022-06-20 20:50:59,038 INFO 6712 [Timer] C:\CL\temp\web\node_modules\egg-logrotator\app\schedule\rotate_by_file.js next time will execute after 11341962ms at 2022-06-21 00:00:01.000
2022-06-20 20:53:56,598 INFO 9892 [egg-schedule]: register schedule C:\CL\temp\web\node_modules\egg-multipart\app\schedule\clean_tmpdir.js
2022-06-20 20:53:56,598 INFO 9892 [egg-schedule]: register schedule C:\CL\temp\web\node_modules\egg-logrotator\app\schedule\clean_log.js
2022-06-20 20:53:56,598 INFO 9892 [egg-schedule]: register schedule C:\CL\temp\web\node_modules\egg-logrotator\app\schedule\rotate_by_file.js
2022-06-20 20:55:08,976 INFO 1792 [egg-schedule]: register schedule C:\CL\temp\web\node_modules\egg-multipart\app\schedule\clean_tmpdir.js
2022-06-20 20:55:08,976 INFO 1792 [egg-schedule]: register schedule C:\CL\temp\web\node_modules\egg-logrotator\app\schedule\clean_log.js
2022-06-20 20:55:08,977 INFO 1792 [egg-schedule]: register schedule C:\CL\temp\web\node_modules\egg-logrotator\app\schedule\rotate_by_file.js
2022-06-20 20:57:30,983 INFO 6680 [egg-schedule]: register schedule C:\CL\temp\web\node_modules\egg-multipart\app\schedule\clean_tmpdir.js
2022-06-20 20:57:30,983 INFO 6680 [egg-schedule]: register schedule C:\CL\temp\web\node_modules\egg-logrotator\app\schedule\clean_log.js
2022-06-20 20:57:30,983 INFO 6680 [egg-schedule]: register schedule C:\CL\temp\web\node_modules\egg-logrotator\app\schedule\rotate_by_file.js
2022-06-20 20:57:31,251 INFO 6228 [Timer] C:\CL\temp\web\node_modules\egg-multipart\app\schedule\clean_tmpdir.js next time will execute after 27148752ms at 2022-06-21 04:30:00.003
2022-06-20 20:57:31,252 INFO 6228 [Timer] C:\CL\temp\web\node_modules\egg-logrotator\app\schedule\clean_log.js next time will execute after 10948749ms at 2022-06-21 00:00:00.001
2022-06-20 20:57:31,252 INFO 6228 [Timer] C:\CL\temp\web\node_modules\egg-logrotator\app\schedule\rotate_by_file.js next time will execute after 10949748ms at 2022-06-21 00:00:01.000
2022-06-20 20:58:36,334 INFO 7348 [egg-schedule]: register schedule C:\CL\temp\web\node_modules\egg-multipart\app\schedule\clean_tmpdir.js
2022-06-20 20:58:36,334 INFO 7348 [egg-schedule]: register schedule C:\CL\temp\web\node_modules\egg-logrotator\app\schedule\clean_log.js
2022-06-20 20:58:36,334 INFO 7348 [egg-schedule]: register schedule C:\CL\temp\web\node_modules\egg-logrotator\app\schedule\rotate_by_file.js
2022-06-20 20:59:01,034 INFO 12020 [egg-schedule]: register schedule C:\CL\temp\web\node_modules\egg-multipart\app\schedule\clean_tmpdir.js
2022-06-20 20:59:01,034 INFO 12020 [egg-schedule]: register schedule C:\CL\temp\web\node_modules\egg-logrotator\app\schedule\clean_log.js
2022-06-20 20:59:01,034 INFO 12020 [egg-schedule]: register schedule C:\CL\temp\web\node_modules\egg-logrotator\app\schedule\rotate_by_file.js
2022-06-20 21:07:13,993 INFO 1956 [egg-schedule]: register schedule C:\CL\temp\web\node_modules\egg-multipart\app\schedule\clean_tmpdir.js
2022-06-20 21:07:13,993 INFO 1956 [egg-schedule]: register schedule C:\CL\temp\web\node_modules\egg-logrotator\app\schedule\clean_log.js
2022-06-20 21:07:13,993 INFO 1956 [egg-schedule]: register schedule C:\CL\temp\web\node_modules\egg-logrotator\app\schedule\rotate_by_file.js
2022-06-20 21:15:21,726 INFO 11400 [egg-schedule]: register schedule C:\CL\temp\web\node_modules\egg-multipart\app\schedule\clean_tmpdir.js
2022-06-20 21:15:21,726 INFO 11400 [egg-schedule]: register schedule C:\CL\temp\web\node_modules\egg-logrotator\app\schedule\clean_log.js
2022-06-20 21:15:21,727 INFO 11400 [egg-schedule]: register schedule C:\CL\temp\web\node_modules\egg-logrotator\app\schedule\rotate_by_file.js
2022-06-20 21:17:18,845 INFO 6556 [egg-schedule]: register schedule C:\CL\temp\web\node_modules\egg-multipart\app\schedule\clean_tmpdir.js
2022-06-20 21:17:18,845 INFO 6556 [egg-schedule]: register schedule C:\CL\temp\web\node_modules\egg-logrotator\app\schedule\clean_log.js
2022-06-20 21:17:18,845 INFO 6556 [egg-schedule]: register schedule C:\CL\temp\web\node_modules\egg-logrotator\app\schedule\rotate_by_file.js
2022-06-20 21:17:22,638 INFO 3844 [egg-schedule]: register schedule C:\CL\temp\web\node_modules\egg-multipart\app\schedule\clean_tmpdir.js
2022-06-20 21:17:22,638 INFO 3844 [egg-schedule]: register schedule C:\CL\temp\web\node_modules\egg-logrotator\app\schedule\clean_log.js
2022-06-20 21:17:22,638 INFO 3844 [egg-schedule]: register schedule C:\CL\temp\web\node_modules\egg-logrotator\app\schedule\rotate_by_file.js
2022-06-20 21:20:16,914 INFO 2768 [egg-schedule]: register schedule C:\CL\temp\web\node_modules\egg-multipart\app\schedule\clean_tmpdir.js
2022-06-20 21:20:16,914 INFO 2768 [egg-schedule]: register schedule C:\CL\temp\web\node_modules\egg-logrotator\app\schedule\clean_log.js
2022-06-20 21:20:16,914 INFO 2768 [egg-schedule]: register schedule C:\CL\temp\web\node_modules\egg-logrotator\app\schedule\rotate_by_file.js
2022-06-20 21:20:19,015 INFO 12860 [egg-schedule]: register schedule C:\CL\temp\web\node_modules\egg-multipart\app\schedule\clean_tmpdir.js
2022-06-20 21:20:19,015 INFO 12860 [egg-schedule]: register schedule C:\CL\temp\web\node_modules\egg-logrotator\app\schedule\clean_log.js
2022-06-20 21:20:19,015 INFO 12860 [egg-schedule]: register schedule C:\CL\temp\web\node_modules\egg-logrotator\app\schedule\rotate_by_file.js
2022-06-20 21:23:58,807 INFO 7244 [egg-schedule]: register schedule C:\CL\temp\web\node_modules\egg-multipart\app\schedule\clean_tmpdir.js
2022-06-20 21:23:58,807 INFO 7244 [egg-schedule]: register schedule C:\CL\temp\web\node_modules\egg-logrotator\app\schedule\clean_log.js
2022-06-20 21:23:58,808 INFO 7244 [egg-schedule]: register schedule C:\CL\temp\web\node_modules\egg-logrotator\app\schedule\rotate_by_file.js
2022-06-20 21:24:19,515 INFO 5684 [egg-schedule]: register schedule C:\CL\temp\web\node_modules\egg-multipart\app\schedule\clean_tmpdir.js
2022-06-20 21:24:19,515 INFO 5684 [egg-schedule]: register schedule C:\CL\temp\web\node_modules\egg-logrotator\app\schedule\clean_log.js
2022-06-20 21:24:19,515 INFO 5684 [egg-schedule]: register schedule C:\CL\temp\web\node_modules\egg-logrotator\app\schedule\rotate_by_file.js
2022-06-20 21:24:56,819 INFO 5000 [egg-schedule]: register schedule C:\CL\temp\web\node_modules\egg-multipart\app\schedule\clean_tmpdir.js
2022-06-20 21:24:56,819 INFO 5000 [egg-schedule]: register schedule C:\CL\temp\web\node_modules\egg-logrotator\app\schedule\clean_log.js
2022-06-20 21:24:56,819 INFO 5000 [egg-schedule]: register schedule C:\CL\temp\web\node_modules\egg-logrotator\app\schedule\rotate_by_file.js
2022-06-20 21:25:18,422 INFO 1720 [egg-schedule]: register schedule C:\CL\temp\web\node_modules\egg-multipart\app\schedule\clean_tmpdir.js
2022-06-20 21:25:18,422 INFO 1720 [egg-schedule]: register schedule C:\CL\temp\web\node_modules\egg-logrotator\app\schedule\clean_log.js
2022-06-20 21:25:18,422 INFO 1720 [egg-schedule]: register schedule C:\CL\temp\web\node_modules\egg-logrotator\app\schedule\rotate_by_file.js
2022-06-20 21:27:52,650 INFO 1928 [egg-schedule]: register schedule C:\CL\temp\web\node_modules\egg-multipart\app\schedule\clean_tmpdir.js
2022-06-20 21:27:52,650 INFO 1928 [egg-schedule]: register schedule C:\CL\temp\web\node_modules\egg-logrotator\app\schedule\clean_log.js
2022-06-20 21:27:52,650 INFO 1928 [egg-schedule]: register schedule C:\CL\temp\web\node_modules\egg-logrotator\app\schedule\rotate_by_file.js
2022-06-20 21:28:12,954 INFO 3312 [egg-schedule]: register schedule C:\CL\temp\web\node_modules\egg-multipart\app\schedule\clean_tmpdir.js
2022-06-20 21:28:12,954 INFO 3312 [egg-schedule]: register schedule C:\CL\temp\web\node_modules\egg-logrotator\app\schedule\clean_log.js
2022-06-20 21:28:12,954 INFO 3312 [egg-schedule]: register schedule C:\CL\temp\web\node_modules\egg-logrotator\app\schedule\rotate_by_file.js
2022-06-20 21:31:23,074 INFO 12884 [egg-schedule]: register schedule C:\CL\temp\web\node_modules\egg-multipart\app\schedule\clean_tmpdir.js
2022-06-20 21:31:23,074 INFO 12884 [egg-schedule]: register schedule C:\CL\temp\web\node_modules\egg-logrotator\app\schedule\clean_log.js
2022-06-20 21:31:23,075 INFO 12884 [egg-schedule]: register schedule C:\CL\temp\web\node_modules\egg-logrotator\app\schedule\rotate_by_file.js
2022-06-21 10:25:15,843 INFO 14992 [egg-schedule]: register schedule C:\CL\temp\web\node_modules\egg-multipart\app\schedule\clean_tmpdir.js
2022-06-21 10:25:15,843 INFO 14992 [egg-schedule]: register schedule C:\CL\temp\web\node_modules\egg-logrotator\app\schedule\clean_log.js
2022-06-21 10:25:15,843 INFO 14992 [egg-schedule]: register schedule C:\CL\temp\web\node_modules\egg-logrotator\app\schedule\rotate_by_file.js
2022-06-21 10:25:16,189 INFO 15384 [Timer] C:\CL\temp\web\node_modules\egg-multipart\app\schedule\clean_tmpdir.js next time will execute after 65083815ms at 2022-06-22 04:30:00.004
2022-06-21 10:25:16,189 INFO 15384 [Timer] C:\CL\temp\web\node_modules\egg-logrotator\app\schedule\clean_log.js next time will execute after 48883811ms at 2022-06-22 00:00:00.000
2022-06-21 10:25:16,189 INFO 15384 [Timer] C:\CL\temp\web\node_modules\egg-logrotator\app\schedule\rotate_by_file.js next time will execute after 48884811ms at 2022-06-22 00:00:01.000
2022-06-21 10:26:22,429 INFO 9832 [egg-schedule]: register schedule C:\CL\temp\web\node_modules\egg-multipart\app\schedule\clean_tmpdir.js
2022-06-21 10:26:22,429 INFO 9832 [egg-schedule]: register schedule C:\CL\temp\web\node_modules\egg-logrotator\app\schedule\clean_log.js
2022-06-21 10:26:22,429 INFO 9832 [egg-schedule]: register schedule C:\CL\temp\web\node_modules\egg-logrotator\app\schedule\rotate_by_file.js
2022-06-21 10:26:24,684 INFO 12908 [egg-schedule]: register schedule C:\CL\temp\web\node_modules\egg-multipart\app\schedule\clean_tmpdir.js
2022-06-21 10:26:24,684 INFO 12908 [egg-schedule]: register schedule C:\CL\temp\web\node_modules\egg-logrotator\app\schedule\clean_log.js
2022-06-21 10:26:24,684 INFO 12908 [egg-schedule]: register schedule C:\CL\temp\web\node_modules\egg-logrotator\app\schedule\rotate_by_file.js
2022-06-21 10:26:26,700 INFO 1020 [egg-schedule]: register schedule C:\CL\temp\web\node_modules\egg-multipart\app\schedule\clean_tmpdir.js
2022-06-21 10:26:26,700 INFO 1020 [egg-schedule]: register schedule C:\CL\temp\web\node_modules\egg-logrotator\app\schedule\clean_log.js
2022-06-21 10:26:26,700 INFO 1020 [egg-schedule]: register schedule C:\CL\temp\web\node_modules\egg-logrotator\app\schedule\rotate_by_file.js
2022-06-21 10:27:30,900 INFO 348 [egg-schedule]: register schedule C:\CL\temp\web\node_modules\egg-multipart\app\schedule\clean_tmpdir.js
2022-06-21 10:27:30,900 INFO 348 [egg-schedule]: register schedule C:\CL\temp\web\node_modules\egg-logrotator\app\schedule\clean_log.js
2022-06-21 10:27:30,900 INFO 348 [egg-schedule]: register schedule C:\CL\temp\web\node_modules\egg-logrotator\app\schedule\rotate_by_file.js
2022-06-21 10:28:35,508 INFO 15996 [egg-schedule]: register schedule C:\CL\temp\web\node_modules\egg-multipart\app\schedule\clean_tmpdir.js
2022-06-21 10:28:35,508 INFO 15996 [egg-schedule]: register schedule C:\CL\temp\web\node_modules\egg-logrotator\app\schedule\clean_log.js
2022-06-21 10:28:35,508 INFO 15996 [egg-schedule]: register schedule C:\CL\temp\web\node_modules\egg-logrotator\app\schedule\rotate_by_file.js
2022-06-21 10:30:05,843 INFO 12908 [egg-schedule]: register schedule C:\CL\temp\web\node_modules\egg-multipart\app\schedule\clean_tmpdir.js
2022-06-21 10:30:05,843 INFO 12908 [egg-schedule]: register schedule C:\CL\temp\web\node_modules\egg-logrotator\app\schedule\clean_log.js
2022-06-21 10:30:05,843 INFO 12908 [egg-schedule]: register schedule C:\CL\temp\web\node_modules\egg-logrotator\app\schedule\rotate_by_file.js
2022-06-21 10:30:18,908 INFO 15548 [egg-schedule]: register schedule C:\CL\temp\web\node_modules\egg-multipart\app\schedule\clean_tmpdir.js
2022-06-21 10:30:18,908 INFO 15548 [egg-schedule]: register schedule C:\CL\temp\web\node_modules\egg-logrotator\app\schedule\clean_log.js
2022-06-21 10:30:18,909 INFO 15548 [egg-schedule]: register schedule C:\CL\temp\web\node_modules\egg-logrotator\app\schedule\rotate_by_file.js
2022-06-21 10:30:56,259 INFO 8112 [egg-schedule]: register schedule C:\CL\temp\web\node_modules\egg-multipart\app\schedule\clean_tmpdir.js
2022-06-21 10:30:56,259 INFO 8112 [egg-schedule]: register schedule C:\CL\temp\web\node_modules\egg-logrotator\app\schedule\clean_log.js
2022-06-21 10:30:56,259 INFO 8112 [egg-schedule]: register schedule C:\CL\temp\web\node_modules\egg-logrotator\app\schedule\rotate_by_file.js
2022-06-21 10:32:36,114 INFO 11216 [egg-schedule]: register schedule C:\CL\temp\web\node_modules\egg-multipart\app\schedule\clean_tmpdir.js
2022-06-21 10:32:36,114 INFO 11216 [egg-schedule]: register schedule C:\CL\temp\web\node_modules\egg-logrotator\app\schedule\clean_log.js
2022-06-21 10:32:36,115 INFO 11216 [egg-schedule]: register schedule C:\CL\temp\web\node_modules\egg-logrotator\app\schedule\rotate_by_file.js
2022-06-21 10:33:35,494 INFO 1036 [egg-schedule]: register schedule C:\CL\temp\web\node_modules\egg-multipart\app\schedule\clean_tmpdir.js
2022-06-21 10:33:35,494 INFO 1036 [egg-schedule]: register schedule C:\CL\temp\web\node_modules\egg-logrotator\app\schedule\clean_log.js
2022-06-21 10:33:35,495 INFO 1036 [egg-schedule]: register schedule C:\CL\temp\web\node_modules\egg-logrotator\app\schedule\rotate_by_file.js
2022-06-21 10:33:53,103 INFO 15500 [egg-schedule]: register schedule C:\CL\temp\web\node_modules\egg-multipart\app\schedule\clean_tmpdir.js
2022-06-21 10:33:53,103 INFO 15500 [egg-schedule]: register schedule C:\CL\temp\web\node_modules\egg-logrotator\app\schedule\clean_log.js
2022-06-21 10:33:53,104 INFO 15500 [egg-schedule]: register schedule C:\CL\temp\web\node_modules\egg-logrotator\app\schedule\rotate_by_file.js
2022-06-21 10:33:55,888 INFO 15968 [egg-schedule]: register schedule C:\CL\temp\web\node_modules\egg-multipart\app\schedule\clean_tmpdir.js
2022-06-21 10:33:55,888 INFO 15968 [egg-schedule]: register schedule C:\CL\temp\web\node_modules\egg-logrotator\app\schedule\clean_log.js
2022-06-21 10:33:55,888 INFO 15968 [egg-schedule]: register schedule C:\CL\temp\web\node_modules\egg-logrotator\app\schedule\rotate_by_file.js
2022-06-21 10:47:43,116 INFO 7804 [egg-schedule]: register schedule C:\CL\temp\web\node_modules\egg-multipart\app\schedule\clean_tmpdir.js
2022-06-21 10:47:43,116 INFO 7804 [egg-schedule]: register schedule C:\CL\temp\web\node_modules\egg-logrotator\app\schedule\clean_log.js
2022-06-21 10:47:43,116 INFO 7804 [egg-schedule]: register schedule C:\CL\temp\web\node_modules\egg-logrotator\app\schedule\rotate_by_file.js
2022-06-21 10:47:48,302 INFO 6908 [egg-schedule]: register schedule C:\CL\temp\web\node_modules\egg-multipart\app\schedule\clean_tmpdir.js
2022-06-21 10:47:48,302 INFO 6908 [egg-schedule]: register schedule C:\CL\temp\web\node_modules\egg-logrotator\app\schedule\clean_log.js
2022-06-21 10:47:48,302 INFO 6908 [egg-schedule]: register schedule C:\CL\temp\web\node_modules\egg-logrotator\app\schedule\rotate_by_file.js
2022-06-21 10:48:46,259 INFO 15016 [egg-schedule]: register schedule C:\CL\temp\web\node_modules\egg-multipart\app\schedule\clean_tmpdir.js
2022-06-21 10:48:46,259 INFO 15016 [egg-schedule]: register schedule C:\CL\temp\web\node_modules\egg-logrotator\app\schedule\clean_log.js
2022-06-21 10:48:46,259 INFO 15016 [egg-schedule]: register schedule C:\CL\temp\web\node_modules\egg-logrotator\app\schedule\rotate_by_file.js
2022-06-21 10:52:08,620 INFO 8452 [egg-schedule]: register schedule C:\CL\temp\web\node_modules\egg-multipart\app\schedule\clean_tmpdir.js
2022-06-21 10:52:08,620 INFO 8452 [egg-schedule]: register schedule C:\CL\temp\web\node_modules\egg-logrotator\app\schedule\clean_log.js
2022-06-21 10:52:08,621 INFO 8452 [egg-schedule]: register schedule C:\CL\temp\web\node_modules\egg-logrotator\app\schedule\rotate_by_file.js
2022-06-21 11:48:37,937 INFO 17668 [egg-schedule]: register schedule C:\CL\temp\web\node_modules\egg-multipart\app\schedule\clean_tmpdir.js
2022-06-21 11:48:37,937 INFO 17668 [egg-schedule]: register schedule C:\CL\temp\web\node_modules\egg-logrotator\app\schedule\clean_log.js
2022-06-21 11:48:37,937 INFO 17668 [egg-schedule]: register schedule C:\CL\temp\web\node_modules\egg-logrotator\app\schedule\rotate_by_file.js
2022-06-21 11:48:40,245 INFO 10004 [egg-schedule]: register schedule C:\CL\temp\web\node_modules\egg-multipart\app\schedule\clean_tmpdir.js
2022-06-21 11:48:40,245 INFO 10004 [egg-schedule]: register schedule C:\CL\temp\web\node_modules\egg-logrotator\app\schedule\clean_log.js
2022-06-21 11:48:40,245 INFO 10004 [egg-schedule]: register schedule C:\CL\temp\web\node_modules\egg-logrotator\app\schedule\rotate_by_file.js
2022-06-21 11:48:45,543 INFO 17292 [egg-schedule]: register schedule C:\CL\temp\web\node_modules\egg-multipart\app\schedule\clean_tmpdir.js
2022-06-21 11:48:45,543 INFO 17292 [egg-schedule]: register schedule C:\CL\temp\web\node_modules\egg-logrotator\app\schedule\clean_log.js
2022-06-21 11:48:45,543 INFO 17292 [egg-schedule]: register schedule C:\CL\temp\web\node_modules\egg-logrotator\app\schedule\rotate_by_file.js
2022-06-21 11:49:40,935 INFO 18988 [egg-schedule]: register schedule C:\CL\temp\web\node_modules\egg-multipart\app\schedule\clean_tmpdir.js
2022-06-21 11:49:40,935 INFO 18988 [egg-schedule]: register schedule C:\CL\temp\web\node_modules\egg-logrotator\app\schedule\clean_log.js
2022-06-21 11:49:40,935 INFO 18988 [egg-schedule]: register schedule C:\CL\temp\web\node_modules\egg-logrotator\app\schedule\rotate_by_file.js
2022-06-21 11:51:59,144 INFO 16772 [egg-schedule]: register schedule C:\CL\temp\web\node_modules\egg-multipart\app\schedule\clean_tmpdir.js
2022-06-21 11:51:59,144 INFO 16772 [egg-schedule]: register schedule C:\CL\temp\web\node_modules\egg-logrotator\app\schedule\clean_log.js
2022-06-21 11:51:59,144 INFO 16772 [egg-schedule]: register schedule C:\CL\temp\web\node_modules\egg-logrotator\app\schedule\rotate_by_file.js
2022-06-21 11:58:41,019 INFO 17772 [egg-schedule]: register schedule C:\CL\temp\web\node_modules\egg-multipart\app\schedule\clean_tmpdir.js
2022-06-21 11:58:41,019 INFO 17772 [egg-schedule]: register schedule C:\CL\temp\web\node_modules\egg-logrotator\app\schedule\clean_log.js
2022-06-21 11:58:41,019 INFO 17772 [egg-schedule]: register schedule C:\CL\temp\web\node_modules\egg-logrotator\app\schedule\rotate_by_file.js
2022-06-21 12:20:38,705 INFO 17164 [egg-schedule]: register schedule C:\CL\temp\web\node_modules\egg-multipart\app\schedule\clean_tmpdir.js
2022-06-21 12:20:38,705 INFO 17164 [egg-schedule]: register schedule C:\CL\temp\web\node_modules\egg-logrotator\app\schedule\clean_log.js
2022-06-21 12:20:38,705 INFO 17164 [egg-schedule]: register schedule C:\CL\temp\web\node_modules\egg-logrotator\app\schedule\rotate_by_file.js
2022-06-21 12:20:38,962 INFO 11568 [Timer] C:\CL\temp\web\node_modules\egg-multipart\app\schedule\clean_tmpdir.js next time will execute after 58161041ms at 2022-06-22 04:30:00.003
2022-06-21 12:20:38,963 INFO 11568 [Timer] C:\CL\temp\web\node_modules\egg-logrotator\app\schedule\clean_log.js next time will execute after 41961037ms at 2022-06-22 00:00:00.000
2022-06-21 12:20:38,963 INFO 11568 [Timer] C:\CL\temp\web\node_modules\egg-logrotator\app\schedule\rotate_by_file.js next time will execute after 41962037ms at 2022-06-22 00:00:01.000
2022-06-21 12:21:17,171 INFO 12772 [egg-schedule]: register schedule C:\CL\temp\web\node_modules\egg-multipart\app\schedule\clean_tmpdir.js
2022-06-21 12:21:17,171 INFO 12772 [egg-schedule]: register schedule C:\CL\temp\web\node_modules\egg-logrotator\app\schedule\clean_log.js
2022-06-21 12:21:17,171 INFO 12772 [egg-schedule]: register schedule C:\CL\temp\web\node_modules\egg-logrotator\app\schedule\rotate_by_file.js
2022-06-21 12:24:33,494 INFO 4040 [egg-schedule]: register schedule C:\CL\temp\web\node_modules\egg-multipart\app\schedule\clean_tmpdir.js
2022-06-21 12:24:33,494 INFO 4040 [egg-schedule]: register schedule C:\CL\temp\web\node_modules\egg-logrotator\app\schedule\clean_log.js
2022-06-21 12:24:33,494 INFO 4040 [egg-schedule]: register schedule C:\CL\temp\web\node_modules\egg-logrotator\app\schedule\rotate_by_file.js
2022-06-21 12:25:01,883 INFO 15308 [egg-schedule]: register schedule C:\CL\temp\web\node_modules\egg-multipart\app\schedule\clean_tmpdir.js
2022-06-21 12:25:01,883 INFO 15308 [egg-schedule]: register schedule C:\CL\temp\web\node_modules\egg-logrotator\app\schedule\clean_log.js
2022-06-21 12:25:01,883 INFO 15308 [egg-schedule]: register schedule C:\CL\temp\web\node_modules\egg-logrotator\app\schedule\rotate_by_file.js
2022-06-21 12:27:06,891 INFO 1172 [egg-schedule]: register schedule C:\CL\temp\web\node_modules\egg-multipart\app\schedule\clean_tmpdir.js
2022-06-21 12:27:06,891 INFO 1172 [egg-schedule]: register schedule C:\CL\temp\web\node_modules\egg-logrotator\app\schedule\clean_log.js
2022-06-21 12:27:06,892 INFO 1172 [egg-schedule]: register schedule C:\CL\temp\web\node_modules\egg-logrotator\app\schedule\rotate_by_file.js
2022-06-21 12:27:07,142 INFO 12548 [Timer] C:\CL\temp\web\node_modules\egg-multipart\app\schedule\clean_tmpdir.js next time will execute after 57772862ms at 2022-06-22 04:30:00.004
2022-06-21 12:27:07,142 INFO 12548 [Timer] C:\CL\temp\web\node_modules\egg-logrotator\app\schedule\clean_log.js next time will execute after 41572858ms at 2022-06-22 00:00:00.000
2022-06-21 12:27:07,143 INFO 12548 [Timer] C:\CL\temp\web\node_modules\egg-logrotator\app\schedule\rotate_by_file.js next time will execute after 41573858ms at 2022-06-22 00:00:01.001
2022-06-21 12:28:15,117 INFO 18220 [egg-schedule]: register schedule C:\CL\temp\web\node_modules\egg-multipart\app\schedule\clean_tmpdir.js
2022-06-21 12:28:15,117 INFO 18220 [egg-schedule]: register schedule C:\CL\temp\web\node_modules\egg-logrotator\app\schedule\clean_log.js
2022-06-21 12:28:15,118 INFO 18220 [egg-schedule]: register schedule C:\CL\temp\web\node_modules\egg-logrotator\app\schedule\rotate_by_file.js
2022-06-21 12:28:36,533 INFO 18536 [egg-schedule]: register schedule C:\CL\temp\web\node_modules\egg-multipart\app\schedule\clean_tmpdir.js
2022-06-21 12:28:36,533 INFO 18536 [egg-schedule]: register schedule C:\CL\temp\web\node_modules\egg-logrotator\app\schedule\clean_log.js
2022-06-21 12:28:36,534 INFO 18536 [egg-schedule]: register schedule C:\CL\temp\web\node_modules\egg-logrotator\app\schedule\rotate_by_file.js
2022-06-21 12:28:36,784 INFO 14836 [Timer] C:\CL\temp\web\node_modules\egg-multipart\app\schedule\clean_tmpdir.js next time will execute after 57683220ms at 2022-06-22 04:30:00.004
2022-06-21 12:28:36,785 INFO 14836 [Timer] C:\CL\temp\web\node_modules\egg-logrotator\app\schedule\clean_log.js next time will execute after 41483216ms at 2022-06-22 00:00:00.001
2022-06-21 12:28:36,785 INFO 14836 [Timer] C:\CL\temp\web\node_modules\egg-logrotator\app\schedule\rotate_by_file.js next time will execute after 41484215ms at 2022-06-22 00:00:01.000
2022-06-21 12:29:24,677 INFO 5552 [egg-schedule]: register schedule C:\CL\temp\web\node_modules\egg-multipart\app\schedule\clean_tmpdir.js
2022-06-21 12:29:24,677 INFO 5552 [egg-schedule]: register schedule C:\CL\temp\web\node_modules\egg-logrotator\app\schedule\clean_log.js
2022-06-21 12:29:24,677 INFO 5552 [egg-schedule]: register schedule C:\CL\temp\web\node_modules\egg-logrotator\app\schedule\rotate_by_file.js
2022-06-21 12:30:03,039 INFO 7332 [egg-schedule]: register schedule C:\CL\temp\web\node_modules\egg-multipart\app\schedule\clean_tmpdir.js
2022-06-21 12:30:03,039 INFO 7332 [egg-schedule]: register schedule C:\CL\temp\web\node_modules\egg-logrotator\app\schedule\clean_log.js
2022-06-21 12:30:03,040 INFO 7332 [egg-schedule]: register schedule C:\CL\temp\web\node_modules\egg-logrotator\app\schedule\rotate_by_file.js
2022-06-21 12:30:03,294 INFO 1612 [Timer] C:\CL\temp\web\node_modules\egg-multipart\app\schedule\clean_tmpdir.js next time will execute after 57596710ms at 2022-06-22 04:30:00.004
2022-06-21 12:30:03,294 INFO 1612 [Timer] C:\CL\temp\web\node_modules\egg-logrotator\app\schedule\clean_log.js next time will execute after 41396706ms at 2022-06-22 00:00:00.000
2022-06-21 12:30:03,295 INFO 1612 [Timer] C:\CL\temp\web\node_modules\egg-logrotator\app\schedule\rotate_by_file.js next time will execute after 41397706ms at 2022-06-22 00:00:01.001
2022-06-21 12:33:30,406 INFO 17720 [egg-schedule]: register schedule C:\CL\temp\web\node_modules\egg-multipart\app\schedule\clean_tmpdir.js
2022-06-21 12:33:30,406 INFO 17720 [egg-schedule]: register schedule C:\CL\temp\web\node_modules\egg-logrotator\app\schedule\clean_log.js
2022-06-21 12:33:30,407 INFO 17720 [egg-schedule]: register schedule C:\CL\temp\web\node_modules\egg-logrotator\app\schedule\rotate_by_file.js
2022-06-21 12:33:51,197 INFO 14832 [egg-schedule]: register schedule C:\CL\temp\web\node_modules\egg-multipart\app\schedule\clean_tmpdir.js
2022-06-21 12:33:51,197 INFO 14832 [egg-schedule]: register schedule C:\CL\temp\web\node_modules\egg-logrotator\app\schedule\clean_log.js
2022-06-21 12:33:51,197 INFO 14832 [egg-schedule]: register schedule C:\CL\temp\web\node_modules\egg-logrotator\app\schedule\rotate_by_file.js
2022-06-21 12:34:30,682 INFO 17768 [egg-schedule]: register schedule C:\CL\temp\web\node_modules\egg-multipart\app\schedule\clean_tmpdir.js
2022-06-21 12:34:30,682 INFO 17768 [egg-schedule]: register schedule C:\CL\temp\web\node_modules\egg-logrotator\app\schedule\clean_log.js
2022-06-21 12:34:30,682 INFO 17768 [egg-schedule]: register schedule C:\CL\temp\web\node_modules\egg-logrotator\app\schedule\rotate_by_file.js
2022-06-21 12:35:46,950 INFO 17604 [egg-schedule]: register schedule C:\CL\temp\web\node_modules\egg-multipart\app\schedule\clean_tmpdir.js
2022-06-21 12:35:46,950 INFO 17604 [egg-schedule]: register schedule C:\CL\temp\web\node_modules\egg-logrotator\app\schedule\clean_log.js
2022-06-21 12:35:46,950 INFO 17604 [egg-schedule]: register schedule C:\CL\temp\web\node_modules\egg-logrotator\app\schedule\rotate_by_file.js
2022-06-21 12:38:42,442 INFO 18588 [egg-schedule]: register schedule C:\CL\temp\web\node_modules\egg-multipart\app\schedule\clean_tmpdir.js
2022-06-21 12:38:42,442 INFO 18588 [egg-schedule]: register schedule C:\CL\temp\web\node_modules\egg-logrotator\app\schedule\clean_log.js
2022-06-21 12:38:42,442 INFO 18588 [egg-schedule]: register schedule C:\CL\temp\web\node_modules\egg-logrotator\app\schedule\rotate_by_file.js
2022-06-21 12:38:45,548 INFO 17420 [egg-schedule]: register schedule C:\CL\temp\web\node_modules\egg-multipart\app\schedule\clean_tmpdir.js
2022-06-21 12:38:45,548 INFO 17420 [egg-schedule]: register schedule C:\CL\temp\web\node_modules\egg-logrotator\app\schedule\clean_log.js
2022-06-21 12:38:45,549 INFO 17420 [egg-schedule]: register schedule C:\CL\temp\web\node_modules\egg-logrotator\app\schedule\rotate_by_file.js
2022-06-21 12:40:16,825 INFO 12388 [egg-schedule]: register schedule C:\CL\temp\web\node_modules\egg-multipart\app\schedule\clean_tmpdir.js
2022-06-21 12:40:16,825 INFO 12388 [egg-schedule]: register schedule C:\CL\temp\web\node_modules\egg-logrotator\app\schedule\clean_log.js
2022-06-21 12:40:16,826 INFO 12388 [egg-schedule]: register schedule C:\CL\temp\web\node_modules\egg-logrotator\app\schedule\rotate_by_file.js
2022-06-21 12:51:00,038 INFO 17540 [egg-schedule]: register schedule C:\CL\temp\web\node_modules\egg-multipart\app\schedule\clean_tmpdir.js
2022-06-21 12:51:00,038 INFO 17540 [egg-schedule]: register schedule C:\CL\temp\web\node_modules\egg-logrotator\app\schedule\clean_log.js
2022-06-21 12:51:00,039 INFO 17540 [egg-schedule]: register schedule C:\CL\temp\web\node_modules\egg-logrotator\app\schedule\rotate_by_file.js
2022-06-21 12:51:00,328 INFO 17984 [Timer] C:\CL\temp\web\node_modules\egg-multipart\app\schedule\clean_tmpdir.js next time will execute after 56339676ms at 2022-06-22 04:30:00.004
2022-06-21 12:51:00,329 INFO 17984 [Timer] C:\CL\temp\web\node_modules\egg-logrotator\app\schedule\clean_log.js next time will execute after 40139672ms at 2022-06-22 00:00:00.001
2022-06-21 12:51:00,329 INFO 17984 [Timer] C:\CL\temp\web\node_modules\egg-logrotator\app\schedule\rotate_by_file.js next time will execute after 40140671ms at 2022-06-22 00:00:01.000
2022-06-21 12:51:02,282 INFO 6256 [egg-schedule]: register schedule C:\CL\temp\web\node_modules\egg-multipart\app\schedule\clean_tmpdir.js
2022-06-21 12:51:02,282 INFO 6256 [egg-schedule]: register schedule C:\CL\temp\web\node_modules\egg-logrotator\app\schedule\clean_log.js
2022-06-21 12:51:02,282 INFO 6256 [egg-schedule]: register schedule C:\CL\temp\web\node_modules\egg-logrotator\app\schedule\rotate_by_file.js
2022-06-21 12:51:04,308 INFO 15492 [egg-schedule]: register schedule C:\CL\temp\web\node_modules\egg-multipart\app\schedule\clean_tmpdir.js
2022-06-21 12:51:04,308 INFO 15492 [egg-schedule]: register schedule C:\CL\temp\web\node_modules\egg-logrotator\app\schedule\clean_log.js
2022-06-21 12:51:04,308 INFO 15492 [egg-schedule]: register schedule C:\CL\temp\web\node_modules\egg-logrotator\app\schedule\rotate_by_file.js
2022-06-21 12:51:22,812 INFO 15084 [egg-schedule]: register schedule C:\CL\temp\web\node_modules\egg-multipart\app\schedule\clean_tmpdir.js
2022-06-21 12:51:22,812 INFO 15084 [egg-schedule]: register schedule C:\CL\temp\web\node_modules\egg-logrotator\app\schedule\clean_log.js
2022-06-21 12:51:22,812 INFO 15084 [egg-schedule]: register schedule C:\CL\temp\web\node_modules\egg-logrotator\app\schedule\rotate_by_file.js
2022-06-21 12:52:40,706 INFO 8788 [egg-schedule]: register schedule C:\CL\temp\web\node_modules\egg-multipart\app\schedule\clean_tmpdir.js
2022-06-21 12:52:40,706 INFO 8788 [egg-schedule]: register schedule C:\CL\temp\web\node_modules\egg-logrotator\app\schedule\clean_log.js
2022-06-21 12:52:40,706 INFO 8788 [egg-schedule]: register schedule C:\CL\temp\web\node_modules\egg-logrotator\app\schedule\rotate_by_file.js
2022-06-21 12:52:52,508 INFO 16084 [egg-schedule]: register schedule C:\CL\temp\web\node_modules\egg-multipart\app\schedule\clean_tmpdir.js
2022-06-21 12:52:52,508 INFO 16084 [egg-schedule]: register schedule C:\CL\temp\web\node_modules\egg-logrotator\app\schedule\clean_log.js
2022-06-21 12:52:52,508 INFO 16084 [egg-schedule]: register schedule C:\CL\temp\web\node_modules\egg-logrotator\app\schedule\rotate_by_file.js
2022-06-21 12:53:23,435 INFO 18264 [egg-schedule]: register schedule C:\CL\temp\web\node_modules\egg-multipart\app\schedule\clean_tmpdir.js
2022-06-21 12:53:23,435 INFO 18264 [egg-schedule]: register schedule C:\CL\temp\web\node_modules\egg-logrotator\app\schedule\clean_log.js
2022-06-21 12:53:23,435 INFO 18264 [egg-schedule]: register schedule C:\CL\temp\web\node_modules\egg-logrotator\app\schedule\rotate_by_file.js
